<?xml version="1.0" encoding="UTF-8"?>
<!-- Generated by org.testng.reporters.JUnitXMLReporter -->
<testsuite ignored="2" hostname="INL-JVNGDL3" failures="0" tests="3" name="Default test" time="231.571" errors="0" timestamp="2023-10-25T19:09:43 IST">
  <testcase classname="com.Test.Old_BO_Reports_Modifier_Sale_Report" name="Login" time="171.151"/>
  <testcase classname="com.Test.Old_BO_Reports_Modifier_Sale_Report" name="Calling" time="51.079"/>
  <testcase classname="com.Test.Old_BO_Reports_Modifier_Sale_Report" name="LogOut" time="6.667"/>
  <testcase classname="com.Test.Old_BO_Reports_Modifier_Sale_Report" name="Old_BO_Modifier_Report_Date_Range" time="0.0">
    <ignored/>
  </testcase> <!-- Old_BO_Modifier_Report_Date_Range -->
  <testcase classname="com.Test.Old_BO_Reports_Modifier_Sale_Report" name="Open_Modifier_Sales_Page" time="0.0">
    <ignored/>
  </testcase> <!-- Open_Modifier_Sales_Page -->
</testsuite> <!-- Default test -->
