<?xml version="1.0" encoding="UTF-8"?>
<!-- Generated by org.testng.reporters.JUnitXMLReporter -->
<testsuite ignored="27" hostname="INL-JVNGDL3" failures="0" tests="3" name="Default test" time="1419.634" errors="0" timestamp="2023-09-12T17:30:34 IST">
  <testcase classname="com.Test.Enterprise_Reports_Employee_Role_Based_Payroll_Report" name="Login" time="67.243"/>
  <testcase classname="com.Test.Enterprise_Reports_Employee_Role_Based_Payroll_Report" name="Calling" time="1343.181"/>
  <testcase classname="com.Test.Enterprise_Reports_Employee_Role_Based_Payroll_Report" name="Logout" time="6.718"/>
  <testcase classname="com.Test.Enterprise_Reports_Employee_Role_Based_Payroll_Report" name="Enterprise_Employee_Role_Based_Payroll_Report_Verify_Role_Based_Payroll_Search" time="0.0">
    <ignored/>
  </testcase> <!-- Enterprise_Employee_Role_Based_Payroll_Report_Verify_Role_Based_Payroll_Search -->
  <testcase classname="com.Test.Enterprise_Reports_Employee_Role_Based_Payroll_Report" name="Enterprise_Employee_Role_Based_Payroll_Report_Method_verifyWeeklyReport_In_Hours_Date_Range" time="0.0">
    <ignored/>
  </testcase> <!-- Enterprise_Employee_Role_Based_Payroll_Report_Method_verifyWeeklyReport_In_Hours_Date_Range -->
  <testcase classname="com.Test.Enterprise_Reports_Employee_Role_Based_Payroll_Report" name="Enterprise_Employee_Role_Based_Payroll_Report_Method_verifyWeeklyReport_Last_N_Days" time="0.0">
    <ignored/>
  </testcase> <!-- Enterprise_Employee_Role_Based_Payroll_Report_Method_verifyWeeklyReport_Last_N_Days -->
  <testcase classname="com.Test.Enterprise_Reports_Employee_Role_Based_Payroll_Report" name="Enterprise_Employee_Role_Based_Payroll_Report_Method_verifyDailyReport_Last_N_Days" time="0.0">
    <ignored/>
  </testcase> <!-- Enterprise_Employee_Role_Based_Payroll_Report_Method_verifyDailyReport_Last_N_Days -->
  <testcase classname="com.Test.Enterprise_Reports_Employee_Role_Based_Payroll_Report" name="Enterprise_Employee_Role_Based_Payroll_Report_Method_verifyWeeklyReport_Today" time="0.0">
    <ignored/>
  </testcase> <!-- Enterprise_Employee_Role_Based_Payroll_Report_Method_verifyWeeklyReport_Today -->
  <testcase classname="com.Test.Enterprise_Reports_Employee_Role_Based_Payroll_Report" name="Enterprise_Employee_Role_Based_Payroll_Report_Method_verifyDailyReport_In_Hours_Date_Range" time="0.0">
    <ignored/>
  </testcase> <!-- Enterprise_Employee_Role_Based_Payroll_Report_Method_verifyDailyReport_In_Hours_Date_Range -->
  <testcase classname="com.Test.Enterprise_Reports_Employee_Role_Based_Payroll_Report" name="Enterprise_Employee_Role_Based_Payroll_Report_Method_verifyWeeklyReport_This_Week" time="0.0">
    <ignored/>
  </testcase> <!-- Enterprise_Employee_Role_Based_Payroll_Report_Method_verifyWeeklyReport_This_Week -->
  <testcase classname="com.Test.Enterprise_Reports_Employee_Role_Based_Payroll_Report" name="Enterprise_Employee_Role_Based_Payroll_Report_Method_verifyDailyReport_Last_30_days" time="0.0">
    <ignored/>
  </testcase> <!-- Enterprise_Employee_Role_Based_Payroll_Report_Method_verifyDailyReport_Last_30_days -->
  <testcase classname="com.Test.Enterprise_Reports_Employee_Role_Based_Payroll_Report" name="Enterprise_Employee_Role_Based_Payroll_Report_Method_verifyDailyReport_Last_Month" time="0.0">
    <ignored/>
  </testcase> <!-- Enterprise_Employee_Role_Based_Payroll_Report_Method_verifyDailyReport_Last_Month -->
  <testcase classname="com.Test.Enterprise_Reports_Employee_Role_Based_Payroll_Report" name="Enterprise_Employee_Role_Based_Payroll_Report_Method_verifyWeeklyReport_Last_30_days" time="0.0">
    <ignored/>
  </testcase> <!-- Enterprise_Employee_Role_Based_Payroll_Report_Method_verifyWeeklyReport_Last_30_days -->
  <testcase classname="com.Test.Enterprise_Reports_Employee_Role_Based_Payroll_Report" name="Enterprise_Employee_Role_Based_Payroll_Report_Method_verifyWeeklyReport_Last_7_days" time="0.0">
    <ignored/>
  </testcase> <!-- Enterprise_Employee_Role_Based_Payroll_Report_Method_verifyWeeklyReport_Last_7_days -->
  <testcase classname="com.Test.Enterprise_Reports_Employee_Role_Based_Payroll_Report" name="Enterprise_Employee_Role_Based_Payroll_Report_Method_verifyDailyReport_Yesterday" time="0.0">
    <ignored/>
  </testcase> <!-- Enterprise_Employee_Role_Based_Payroll_Report_Method_verifyDailyReport_Yesterday -->
  <testcase classname="com.Test.Enterprise_Reports_Employee_Role_Based_Payroll_Report" name="Enterprise_Employee_Role_Based_Payroll_Report_Method_verifyWeeklyReport_Yesterday" time="0.0">
    <ignored/>
  </testcase> <!-- Enterprise_Employee_Role_Based_Payroll_Report_Method_verifyWeeklyReport_Yesterday -->
  <testcase classname="com.Test.Enterprise_Reports_Employee_Role_Based_Payroll_Report" name="Enterprise_Employee_Role_Based_Payroll_Report_Method_verifyWeeklyReport_This_Month" time="0.0">
    <ignored/>
  </testcase> <!-- Enterprise_Employee_Role_Based_Payroll_Report_Method_verifyWeeklyReport_This_Month -->
  <testcase classname="com.Test.Enterprise_Reports_Employee_Role_Based_Payroll_Report" name="Enterprise_Employee_Role_Based_Payroll_Report_Method_verifyDailyReport_Specific_Date" time="0.0">
    <ignored/>
  </testcase> <!-- Enterprise_Employee_Role_Based_Payroll_Report_Method_verifyDailyReport_Specific_Date -->
  <testcase classname="com.Test.Enterprise_Reports_Employee_Role_Based_Payroll_Report" name="Enterprise_Employee_Role_Based_Payroll_Report_Method_Page_Open" time="0.0">
    <ignored/>
  </testcase> <!-- Enterprise_Employee_Role_Based_Payroll_Report_Method_Page_Open -->
  <testcase classname="com.Test.Enterprise_Reports_Employee_Role_Based_Payroll_Report" name="Enterprise_Employee_Role_Based_Payroll_Report_Method_verifyDailyReport_Last_Week" time="0.0">
    <ignored/>
  </testcase> <!-- Enterprise_Employee_Role_Based_Payroll_Report_Method_verifyDailyReport_Last_Week -->
  <testcase classname="com.Test.Enterprise_Reports_Employee_Role_Based_Payroll_Report" name="Enterprise_Employee_Role_Based_Payroll_Report_Method_verifyDailyReport_This_Month" time="0.0">
    <ignored/>
  </testcase> <!-- Enterprise_Employee_Role_Based_Payroll_Report_Method_verifyDailyReport_This_Month -->
  <testcase classname="com.Test.Enterprise_Reports_Employee_Role_Based_Payroll_Report" name="Enterprise_Employee_Role_Based_Payroll_Report_Method_verifyDailyReport_Last_7_days" time="0.0">
    <ignored/>
  </testcase> <!-- Enterprise_Employee_Role_Based_Payroll_Report_Method_verifyDailyReport_Last_7_days -->
  <testcase classname="com.Test.Enterprise_Reports_Employee_Role_Based_Payroll_Report" name="RefreshAndPaginination" time="0.0">
    <ignored/>
  </testcase> <!-- RefreshAndPaginination -->
  <testcase classname="com.Test.Enterprise_Reports_Employee_Role_Based_Payroll_Report" name="Enterprise_Employee_Role_Based_Payroll_Report_Method_verifyWeeklyReport_Last_Month" time="0.0">
    <ignored/>
  </testcase> <!-- Enterprise_Employee_Role_Based_Payroll_Report_Method_verifyWeeklyReport_Last_Month -->
  <testcase classname="com.Test.Enterprise_Reports_Employee_Role_Based_Payroll_Report" name="Enterprise_Employee_Role_Based_Payroll_Report_Method_verifyWeeklyReport_Specific_Date" time="0.0">
    <ignored/>
  </testcase> <!-- Enterprise_Employee_Role_Based_Payroll_Report_Method_verifyWeeklyReport_Specific_Date -->
  <testcase classname="com.Test.Enterprise_Reports_Employee_Role_Based_Payroll_Report" name="Enterprise_Employee_Role_Based_Payroll_Report_Method_verifyWeeklyReport_Last_Week" time="0.0">
    <ignored/>
  </testcase> <!-- Enterprise_Employee_Role_Based_Payroll_Report_Method_verifyWeeklyReport_Last_Week -->
  <testcase classname="com.Test.Enterprise_Reports_Employee_Role_Based_Payroll_Report" name="Enterprise_Employee_Role_Based_Payroll_Report_Method_verifyWeeklyReport_In_Time_Date_Range" time="0.0">
    <ignored/>
  </testcase> <!-- Enterprise_Employee_Role_Based_Payroll_Report_Method_verifyWeeklyReport_In_Time_Date_Range -->
  <testcase classname="com.Test.Enterprise_Reports_Employee_Role_Based_Payroll_Report" name="Enterprise_Employee_Role_Based_Payroll_Report_Method_verifyDailyReport_This_Week" time="0.0">
    <ignored/>
  </testcase> <!-- Enterprise_Employee_Role_Based_Payroll_Report_Method_verifyDailyReport_This_Week -->
  <testcase classname="com.Test.Enterprise_Reports_Employee_Role_Based_Payroll_Report" name="Enterprise_Employee_Role_Based_Payroll_Report_Method_verifyDailyReport_Today" time="0.0">
    <ignored/>
  </testcase> <!-- Enterprise_Employee_Role_Based_Payroll_Report_Method_verifyDailyReport_Today -->
  <testcase classname="com.Test.Enterprise_Reports_Employee_Role_Based_Payroll_Report" name="Enterprise_Employee_Role_Based_Payroll_Report_Method_verifyDailyReport_In_Time_Date_Range" time="0.0">
    <ignored/>
  </testcase> <!-- Enterprise_Employee_Role_Based_Payroll_Report_Method_verifyDailyReport_In_Time_Date_Range -->
</testsuite> <!-- Default test -->
