<?xml version="1.0" encoding="UTF-8"?>
<!-- Generated by org.testng.reporters.JUnitXMLReporter -->
<testsuite ignored="13" hostname="INL-JVNGDL3" failures="1" tests="3" name="Default test" time="113.515" errors="0" timestamp="2023-08-18T16:06:46 IST">
  <testcase classname="com.Test.Enterprise_Reports" name="Login" time="63.168"/>
  <testcase classname="com.Test.Enterprise_Reports" name="Calling" time="40.774">
    <failure type="org.openqa.selenium.NoSuchElementException" message="no such element: Unable to locate element: {&amp;quot;method&amp;quot;:&amp;quot;xpath&amp;quot;,&amp;quot;selector&amp;quot;:&amp;quot;//a[contains(@class,&amp;apos;mat-tab-label-active&amp;apos;)][contains(.,&amp;apos;ENTERPRISE REPORT&amp;apos;)]&amp;quot;}
  (Session info: chrome=116.0.5845.97)
For documentation on this error, please visit: https://www.selenium.dev/documentation/webdriver/troubleshooting/errors#no-such-element-exception
Build info: version: &amp;apos;4.10.0&amp;apos;, revision: &amp;apos;c14d967899&amp;apos;
System info: os.name: &amp;apos;Windows 10&amp;apos;, os.arch: &amp;apos;amd64&amp;apos;, os.version: &amp;apos;10.0&amp;apos;, java.version: &amp;apos;17.0.8&amp;apos;
Driver info: org.openqa.selenium.chrome.ChromeDriver
Command: [ecabda7ae632d5d135c1a4f6916dc3c6, findElement {using=xpath, value=//a[contains(@class,&amp;apos;mat-tab-label-active&amp;apos;)][contains(.,&amp;apos;ENTERPRISE REPORT&amp;apos;)]}]
Capabilities {acceptInsecureCerts: false, browserName: chrome, browserVersion: 116.0.5845.97, chrome: {chromedriverVersion: 116.0.5845.96 (1a3918166880..., userDataDir: C:\Users\raja.s\AppData\Loc...}, fedcm:accounts: true, goog:chromeOptions: {debuggerAddress: localhost:56073}, networkConnectionEnabled: false, pageLoadStrategy: normal, platformName: windows, proxy: Proxy(), se:cdp: ws://localhost:56073/devtoo..., se:cdpVersion: 116.0.5845.97, setWindowRect: true, strictFileInteractability: false, timeouts: {implicit: 0, pageLoad: 300000, script: 30000}, unhandledPromptBehavior: dismiss and notify, webauthn:extension:credBlob: true, webauthn:extension:largeBlob: true, webauthn:extension:minPinLength: true, webauthn:extension:prf: true, webauthn:virtualAuthenticators: true}
Session ID: ecabda7ae632d5d135c1a4f6916dc3c6">
      <![CDATA[org.openqa.selenium.NoSuchElementException: no such element: Unable to locate element: {"method":"xpath","selector":"//a[contains(@class,'mat-tab-label-active')][contains(.,'ENTERPRISE REPORT')]"}
  (Session info: chrome=116.0.5845.97)
For documentation on this error, please visit: https://www.selenium.dev/documentation/webdriver/troubleshooting/errors#no-such-element-exception
Build info: version: '4.10.0', revision: 'c14d967899'
System info: os.name: 'Windows 10', os.arch: 'amd64', os.version: '10.0', java.version: '17.0.8'
Driver info: org.openqa.selenium.chrome.ChromeDriver
Command: [ecabda7ae632d5d135c1a4f6916dc3c6, findElement {using=xpath, value=//a[contains(@class,'mat-tab-label-active')][contains(.,'ENTERPRISE REPORT')]}]
Capabilities {acceptInsecureCerts: false, browserName: chrome, browserVersion: 116.0.5845.97, chrome: {chromedriverVersion: 116.0.5845.96 (1a3918166880..., userDataDir: C:\Users\raja.s\AppData\Loc...}, fedcm:accounts: true, goog:chromeOptions: {debuggerAddress: localhost:56073}, networkConnectionEnabled: false, pageLoadStrategy: normal, platformName: windows, proxy: Proxy(), se:cdp: ws://localhost:56073/devtoo..., se:cdpVersion: 116.0.5845.97, setWindowRect: true, strictFileInteractability: false, timeouts: {implicit: 0, pageLoad: 300000, script: 30000}, unhandledPromptBehavior: dismiss and notify, webauthn:extension:credBlob: true, webauthn:extension:largeBlob: true, webauthn:extension:minPinLength: true, webauthn:extension:prf: true, webauthn:virtualAuthenticators: true}
Session ID: ecabda7ae632d5d135c1a4f6916dc3c6
at java.base/jdk.internal.reflect.NativeConstructorAccessorImpl.newInstance0(Native Method)
at java.base/jdk.internal.reflect.NativeConstructorAccessorImpl.newInstance(NativeConstructorAccessorImpl.java:77)
at java.base/jdk.internal.reflect.DelegatingConstructorAccessorImpl.newInstance(DelegatingConstructorAccessorImpl.java:45)
at java.base/java.lang.reflect.Constructor.newInstanceWithCaller(Constructor.java:499)
at java.base/java.lang.reflect.Constructor.newInstance(Constructor.java:480)
at org.openqa.selenium.remote.codec.w3c.W3CHttpResponseCodec.createException(W3CHttpResponseCodec.java:199)
at org.openqa.selenium.remote.codec.w3c.W3CHttpResponseCodec.decode(W3CHttpResponseCodec.java:132)
at org.openqa.selenium.remote.codec.w3c.W3CHttpResponseCodec.decode(W3CHttpResponseCodec.java:51)
at org.openqa.selenium.remote.HttpCommandExecutor.execute(HttpCommandExecutor.java:191)
at org.openqa.selenium.remote.service.DriverCommandExecutor.invokeExecute(DriverCommandExecutor.java:196)
at org.openqa.selenium.remote.service.DriverCommandExecutor.execute(DriverCommandExecutor.java:171)
at org.openqa.selenium.remote.RemoteWebDriver.execute(RemoteWebDriver.java:531)
at org.openqa.selenium.remote.ElementLocation$ElementFinder$2.findElement(ElementLocation.java:165)
at org.openqa.selenium.remote.ElementLocation.findElement(ElementLocation.java:59)
at org.openqa.selenium.remote.RemoteWebDriver.findElement(RemoteWebDriver.java:350)
at org.openqa.selenium.remote.RemoteWebDriver.findElement(RemoteWebDriver.java:344)
at com.Pages.ReportsPage.Verify_ReportHomePage(ReportsPage.java:114)
at com.Test.Enterprise_Reports.Open_Enterprise_Report_Page(Enterprise_Reports.java:144)
at com.Test.Enterprise_Reports.Calling(Enterprise_Reports.java:116)
at java.base/jdk.internal.reflect.NativeMethodAccessorImpl.invoke0(Native Method)
at java.base/jdk.internal.reflect.NativeMethodAccessorImpl.invoke(NativeMethodAccessorImpl.java:77)
at java.base/jdk.internal.reflect.DelegatingMethodAccessorImpl.invoke(DelegatingMethodAccessorImpl.java:43)
at java.base/java.lang.reflect.Method.invoke(Method.java:568)
at org.testng.internal.MethodInvocationHelper.invokeMethod(MethodInvocationHelper.java:133)
at org.testng.internal.TestInvoker.invokeMethod(TestInvoker.java:598)
at org.testng.internal.TestInvoker.invokeTestMethod(TestInvoker.java:173)
at org.testng.internal.MethodRunner.runInSequence(MethodRunner.java:46)
at org.testng.internal.TestInvoker$MethodInvocationAgent.invoke(TestInvoker.java:824)
at org.testng.internal.TestInvoker.invokeTestMethods(TestInvoker.java:146)
at org.testng.internal.TestMethodWorker.invokeTestMethods(TestMethodWorker.java:146)
at org.testng.internal.TestMethodWorker.run(TestMethodWorker.java:128)
at java.base/java.util.ArrayList.forEach(ArrayList.java:1511)
at org.testng.TestRunner.privateRun(TestRunner.java:794)
at org.testng.TestRunner.run(TestRunner.java:596)
at org.testng.SuiteRunner.runTest(SuiteRunner.java:377)
at org.testng.SuiteRunner.runSequentially(SuiteRunner.java:371)
at org.testng.SuiteRunner.privateRun(SuiteRunner.java:332)
at org.testng.SuiteRunner.run(SuiteRunner.java:276)
at org.testng.SuiteRunnerWorker.runSuite(SuiteRunnerWorker.java:53)
at org.testng.SuiteRunnerWorker.run(SuiteRunnerWorker.java:96)
at org.testng.TestNG.runSuitesSequentially(TestNG.java:1212)
at org.testng.TestNG.runSuitesLocally(TestNG.java:1134)
at org.testng.TestNG.runSuites(TestNG.java:1063)
at org.testng.TestNG.run(TestNG.java:1031)
at org.testng.remote.AbstractRemoteTestNG.run(AbstractRemoteTestNG.java:115)
at org.testng.remote.RemoteTestNG.initAndRun(RemoteTestNG.java:251)
at org.testng.remote.RemoteTestNG.main(RemoteTestNG.java:77)
]]>
    </failure>
  </testcase> <!-- Calling -->
  <testcase classname="com.Test.Enterprise_Reports" name="LogOut" time="7.064"/>
  <testcase classname="com.Test.Enterprise_Reports" name="Enterprise_Report_Last_Month" time="0.0">
    <ignored/>
  </testcase> <!-- Enterprise_Report_Last_Month -->
  <testcase classname="com.Test.Enterprise_Reports" name="Enterprise_Report_This_Month" time="0.0">
    <ignored/>
  </testcase> <!-- Enterprise_Report_This_Month -->
  <testcase classname="com.Test.Enterprise_Reports" name="Enterprise_Report_Yesterday" time="0.0">
    <ignored/>
  </testcase> <!-- Enterprise_Report_Yesterday -->
  <testcase classname="com.Test.Enterprise_Reports" name="Enterprise_Report_Today" time="0.0">
    <ignored/>
  </testcase> <!-- Enterprise_Report_Today -->
  <testcase classname="com.Test.Enterprise_Reports" name="Enterprise_Report_Last_N_Days" time="0.0">
    <ignored/>
  </testcase> <!-- Enterprise_Report_Last_N_Days -->
  <testcase classname="com.Test.Enterprise_Reports" name="Enterprise_Report_Specific_Date" time="0.0">
    <ignored/>
  </testcase> <!-- Enterprise_Report_Specific_Date -->
  <testcase classname="com.Test.Enterprise_Reports" name="RefreshAndPaginination" time="0.0">
    <ignored/>
  </testcase> <!-- RefreshAndPaginination -->
  <testcase classname="com.Test.Enterprise_Reports" name="Enterprise_Report_Last_30_Days" time="0.0">
    <ignored/>
  </testcase> <!-- Enterprise_Report_Last_30_Days -->
  <testcase classname="com.Test.Enterprise_Reports" name="Enterprise_Report_Date_Range" time="0.0">
    <ignored/>
  </testcase> <!-- Enterprise_Report_Date_Range -->
  <testcase classname="com.Test.Enterprise_Reports" name="Enterprise_Report_Last_7_Days" time="0.0">
    <ignored/>
  </testcase> <!-- Enterprise_Report_Last_7_Days -->
  <testcase classname="com.Test.Enterprise_Reports" name="Open_Enterprise_Report_Page" time="0.0">
    <ignored/>
  </testcase> <!-- Open_Enterprise_Report_Page -->
  <testcase classname="com.Test.Enterprise_Reports" name="Enterprise_Report_Last_Week" time="0.0">
    <ignored/>
  </testcase> <!-- Enterprise_Report_Last_Week -->
  <testcase classname="com.Test.Enterprise_Reports" name="Enterprise_Report_This_Week" time="0.0">
    <ignored/>
  </testcase> <!-- Enterprise_Report_This_Week -->
</testsuite> <!-- Default test -->
