<?xml version="1.0" encoding="UTF-8"?>
<!-- Generated by org.testng.reporters.JUnitXMLReporter -->
<testsuite ignored="7" hostname="INL-JVNGDL3" failures="0" tests="3" name="Default test" time="272.308" errors="0" timestamp="2023-09-05T17:32:46 IST">
  <testcase classname="com.Test.Enterprise_Reports_Weekly_Summary_Report" name="Login" time="71.778"/>
  <testcase classname="com.Test.Enterprise_Reports_Weekly_Summary_Report" name="Calling" time="189.952"/>
  <testcase classname="com.Test.Enterprise_Reports_Weekly_Summary_Report" name="LogOut" time="7.566"/>
  <testcase classname="com.Test.Enterprise_Reports_Weekly_Summary_Report" name="Enterprise_Weekly_Summary_Report_Last_7_Days" time="0.0">
    <ignored/>
  </testcase> <!-- Enterprise_Weekly_Summary_Report_Last_7_Days -->
  <testcase classname="com.Test.Enterprise_Reports_Weekly_Summary_Report" name="SelectTheCat" time="0.0">
    <ignored/>
  </testcase> <!-- SelectTheCat -->
  <testcase classname="com.Test.Enterprise_Reports_Weekly_Summary_Report" name="RefreshAndPaginination" time="0.0">
    <ignored/>
  </testcase> <!-- RefreshAndPaginination -->
  <testcase classname="com.Test.Enterprise_Reports_Weekly_Summary_Report" name="Open_Enterprise_Weekly_Summary_Report_Page" time="0.0">
    <ignored/>
  </testcase> <!-- Open_Enterprise_Weekly_Summary_Report_Page -->
  <testcase classname="com.Test.Enterprise_Reports_Weekly_Summary_Report" name="Enterprise_Weekly_Summary_Report_Last_Week" time="0.0">
    <ignored/>
  </testcase> <!-- Enterprise_Weekly_Summary_Report_Last_Week -->
  <testcase classname="com.Test.Enterprise_Reports_Weekly_Summary_Report" name="Enterprise_Weekly_Summary_Report_This_Week" time="0.0">
    <ignored/>
  </testcase> <!-- Enterprise_Weekly_Summary_Report_This_Week -->
  <testcase classname="com.Test.Enterprise_Reports_Weekly_Summary_Report" name="Enterprise_Weekly_Summary_Report_Specific_Date" time="0.0">
    <ignored/>
  </testcase> <!-- Enterprise_Weekly_Summary_Report_Specific_Date -->
</testsuite> <!-- Default test -->
