<?xml version="1.0" encoding="UTF-8"?>
<!-- Generated by org.testng.reporters.JUnitXMLReporter -->
<testsuite ignored="7" hostname="INL-JVNGDL3" failures="0" tests="3" name="Default test" time="99.174" errors="0" timestamp="2023-07-14T12:15:38 IST">
  <testcase classname="com.Test.Product_Items_AddEditDelete_Departments" name="Login" time="65.589"/>
  <testcase classname="com.Test.Product_Items_AddEditDelete_Departments" name="Calling" time="27.888"/>
  <testcase classname="com.Test.Product_Items_AddEditDelete_Departments" name="LogOut" time="3.44"/>
  <testcase classname="com.Test.Product_Items_AddEditDelete_Departments" name="Add_Departments" time="0.0">
    <ignored/>
  </testcase> <!-- Add_Departments -->
  <testcase classname="com.Test.Product_Items_AddEditDelete_Departments" name="RefreshAndPaginination" time="0.0">
    <ignored/>
  </testcase> <!-- RefreshAndPaginination -->
  <testcase classname="com.Test.Product_Items_AddEditDelete_Departments" name="Create_DuplicateDepartment" time="0.0">
    <ignored/>
  </testcase> <!-- Create_DuplicateDepartment -->
  <testcase classname="com.Test.Product_Items_AddEditDelete_Departments" name="Open_Departments_Page" time="0.0">
    <ignored/>
  </testcase> <!-- Open_Departments_Page -->
  <testcase classname="com.Test.Product_Items_AddEditDelete_Departments" name="Edit_and_Close_Cancel_Departments" time="0.0">
    <ignored/>
  </testcase> <!-- Edit_and_Close_Cancel_Departments -->
  <testcase classname="com.Test.Product_Items_AddEditDelete_Departments" name="Delete_and_Active_Inactive_Departments" time="0.0">
    <ignored/>
  </testcase> <!-- Delete_and_Active_Inactive_Departments -->
  <testcase classname="com.Test.Product_Items_AddEditDelete_Departments" name="Edit_and_Update_Departments" time="0.0">
    <ignored/>
  </testcase> <!-- Edit_and_Update_Departments -->
</testsuite> <!-- Default test -->
