<?xml version="1.0" encoding="UTF-8"?>
<!-- Generated by org.testng.reporters.JUnitXMLReporter -->
<testsuite ignored="14" hostname="INL-JVNGDL3" failures="0" tests="3" name="Default test" time="397.667" errors="0" timestamp="2023-09-04T16:51:09 IST">
  <testcase classname="com.Test.Enterprise_Reports_HA_Statement" name="Login" time="49.627"/>
  <testcase classname="com.Test.Enterprise_Reports_HA_Statement" name="Calling" time="339.044"/>
  <testcase classname="com.Test.Enterprise_Reports_HA_Statement" name="LogOut" time="6.705"/>
  <testcase classname="com.Test.Enterprise_Reports_HA_Statement" name="Enterprise_Reports_HA_Statement_Last_Month" time="0.0">
    <ignored/>
  </testcase> <!-- Enterprise_Reports_HA_Statement_Last_Month -->
  <testcase classname="com.Test.Enterprise_Reports_HA_Statement" name="Enterprise_Reports_HA_Statement_Last_30_Days" time="0.0">
    <ignored/>
  </testcase> <!-- Enterprise_Reports_HA_Statement_Last_30_Days -->
  <testcase classname="com.Test.Enterprise_Reports_HA_Statement" name="Enterprise_Reports_HA_Statement_Today" time="0.0">
    <ignored/>
  </testcase> <!-- Enterprise_Reports_HA_Statement_Today -->
  <testcase classname="com.Test.Enterprise_Reports_HA_Statement" name="SelectTheCat" time="0.0">
    <ignored/>
  </testcase> <!-- SelectTheCat -->
  <testcase classname="com.Test.Enterprise_Reports_HA_Statement" name="Open_Enterprise_Reports_HA_Statement_Page" time="0.0">
    <ignored/>
  </testcase> <!-- Open_Enterprise_Reports_HA_Statement_Page -->
  <testcase classname="com.Test.Enterprise_Reports_HA_Statement" name="Enterprise_Reports_HA_Statement_Specific_Date" time="0.0">
    <ignored/>
  </testcase> <!-- Enterprise_Reports_HA_Statement_Specific_Date -->
  <testcase classname="com.Test.Enterprise_Reports_HA_Statement" name="Enterprise_Reports_HA_Statement_Date_Range" time="0.0">
    <ignored/>
  </testcase> <!-- Enterprise_Reports_HA_Statement_Date_Range -->
  <testcase classname="com.Test.Enterprise_Reports_HA_Statement" name="Enterprise_Reports_HA_Statement_Yesterday" time="0.0">
    <ignored/>
  </testcase> <!-- Enterprise_Reports_HA_Statement_Yesterday -->
  <testcase classname="com.Test.Enterprise_Reports_HA_Statement" name="Enterprise_Reports_HA_Statement_Last_N_Days" time="0.0">
    <ignored/>
  </testcase> <!-- Enterprise_Reports_HA_Statement_Last_N_Days -->
  <testcase classname="com.Test.Enterprise_Reports_HA_Statement" name="Enterprise_Reports_HA_Statement_Last_Week" time="0.0">
    <ignored/>
  </testcase> <!-- Enterprise_Reports_HA_Statement_Last_Week -->
  <testcase classname="com.Test.Enterprise_Reports_HA_Statement" name="Enterprise_Reports_HA_Statement_This_Week" time="0.0">
    <ignored/>
  </testcase> <!-- Enterprise_Reports_HA_Statement_This_Week -->
  <testcase classname="com.Test.Enterprise_Reports_HA_Statement" name="Enterprise_Reports_HA_Statement_Last_7_Days" time="0.0">
    <ignored/>
  </testcase> <!-- Enterprise_Reports_HA_Statement_Last_7_Days -->
  <testcase classname="com.Test.Enterprise_Reports_HA_Statement" name="RefreshAndPaginination" time="0.0">
    <ignored/>
  </testcase> <!-- RefreshAndPaginination -->
  <testcase classname="com.Test.Enterprise_Reports_HA_Statement" name="Enterprise_Reports_HA_Statement_This_Month" time="0.0">
    <ignored/>
  </testcase> <!-- Enterprise_Reports_HA_Statement_This_Month -->
</testsuite> <!-- Default test -->
