<?xml version="1.0" encoding="UTF-8"?>
<!-- Generated by org.testng.reporters.JUnitXMLReporter -->
<testsuite ignored="7" hostname="INL-JVNGDL3" failures="0" tests="3" name="Default test" time="566.181" errors="0" timestamp="2023-04-12T19:36:27 IST">
  <testcase classname="com.Test.Product_Items_AddEditDelete_Reasons" name="Login" time="44.048"/>
  <testcase classname="com.Test.Product_Items_AddEditDelete_Reasons" name="Calling" time="519.445"/>
  <testcase classname="com.Test.Product_Items_AddEditDelete_Reasons" name="LogOut" time="0.36"/>
  <testcase classname="com.Test.Product_Items_AddEditDelete_Reasons" name="Edit_and_Update_Reasons" time="0.0">
    <ignored/>
  </testcase> <!-- Edit_and_Update_Reasons -->
  <testcase classname="com.Test.Product_Items_AddEditDelete_Reasons" name="RefreshAndPaginination" time="0.0">
    <ignored/>
  </testcase> <!-- RefreshAndPaginination -->
  <testcase classname="com.Test.Product_Items_AddEditDelete_Reasons" name="Add_Reasons" time="0.0">
    <ignored/>
  </testcase> <!-- Add_Reasons -->
  <testcase classname="com.Test.Product_Items_AddEditDelete_Reasons" name="Create_DuplicateReason" time="0.0">
    <ignored/>
  </testcase> <!-- Create_DuplicateReason -->
  <testcase classname="com.Test.Product_Items_AddEditDelete_Reasons" name="Delete_and_Active_Inactive_Reasons" time="0.0">
    <ignored/>
  </testcase> <!-- Delete_and_Active_Inactive_Reasons -->
  <testcase classname="com.Test.Product_Items_AddEditDelete_Reasons" name="Open_Reasons_Page" time="0.0">
    <ignored/>
  </testcase> <!-- Open_Reasons_Page -->
  <testcase classname="com.Test.Product_Items_AddEditDelete_Reasons" name="Edit_and_Close_Cancel_Reasons" time="0.0">
    <ignored/>
  </testcase> <!-- Edit_and_Close_Cancel_Reasons -->
</testsuite> <!-- Default test -->
