<?xml version="1.0" encoding="UTF-8"?>
<!-- Generated by org.testng.reporters.JUnitXMLReporter -->
<testsuite ignored="2" hostname="INL-JVNGDL3" failures="0" tests="3" name="Default test" time="206.092" errors="0" timestamp="2023-11-09T15:10:52 IST">
  <testcase classname="com.Test.Dashboard_KDS_Old_BO" name="Login" time="187.04"/>
  <testcase classname="com.Test.Dashboard_KDS_Old_BO" name="Calling" time="10.325"/>
  <testcase classname="com.Test.Dashboard_KDS_Old_BO" name="LogOut" time="6.343"/>
  <testcase classname="com.Test.Dashboard_KDS_Old_BO" name="Open_Dashboard_Sales_Page" time="0.0">
    <ignored/>
  </testcase> <!-- Open_Dashboard_Sales_Page -->
  <testcase classname="com.Test.Dashboard_KDS_Old_BO" name="Dashboard_Sales_Date_Range" time="0.0">
    <ignored/>
  </testcase> <!-- Dashboard_Sales_Date_Range -->
</testsuite> <!-- Default test -->
