<?xml version="1.0" encoding="UTF-8"?>
<!-- Generated by org.testng.reporters.JUnitXMLReporter -->
<testsuite ignored="13" hostname="INL-JVNGDL3" failures="0" tests="3" name="Default test" time="198.546" errors="0" timestamp="2023-08-22T16:22:47 IST">
  <testcase classname="com.Test.Enterprise_Reports" name="Login" time="77.904"/>
  <testcase classname="com.Test.Enterprise_Reports" name="Calling" time="111.666"/>
  <testcase classname="com.Test.Enterprise_Reports" name="LogOut" time="6.703"/>
  <testcase classname="com.Test.Enterprise_Reports" name="Enterprise_Report_Last_Month" time="0.0">
    <ignored/>
  </testcase> <!-- Enterprise_Report_Last_Month -->
  <testcase classname="com.Test.Enterprise_Reports" name="Enterprise_Report_This_Month" time="0.0">
    <ignored/>
  </testcase> <!-- Enterprise_Report_This_Month -->
  <testcase classname="com.Test.Enterprise_Reports" name="Enterprise_Report_Yesterday" time="0.0">
    <ignored/>
  </testcase> <!-- Enterprise_Report_Yesterday -->
  <testcase classname="com.Test.Enterprise_Reports" name="Enterprise_Report_Today" time="0.0">
    <ignored/>
  </testcase> <!-- Enterprise_Report_Today -->
  <testcase classname="com.Test.Enterprise_Reports" name="Enterprise_Report_Last_N_Days" time="0.0">
    <ignored/>
  </testcase> <!-- Enterprise_Report_Last_N_Days -->
  <testcase classname="com.Test.Enterprise_Reports" name="Enterprise_Report_Specific_Date" time="0.0">
    <ignored/>
  </testcase> <!-- Enterprise_Report_Specific_Date -->
  <testcase classname="com.Test.Enterprise_Reports" name="RefreshAndPaginination" time="0.0">
    <ignored/>
  </testcase> <!-- RefreshAndPaginination -->
  <testcase classname="com.Test.Enterprise_Reports" name="Enterprise_Report_Last_30_Days" time="0.0">
    <ignored/>
  </testcase> <!-- Enterprise_Report_Last_30_Days -->
  <testcase classname="com.Test.Enterprise_Reports" name="Enterprise_Report_Date_Range" time="0.0">
    <ignored/>
  </testcase> <!-- Enterprise_Report_Date_Range -->
  <testcase classname="com.Test.Enterprise_Reports" name="Enterprise_Report_Last_7_Days" time="0.0">
    <ignored/>
  </testcase> <!-- Enterprise_Report_Last_7_Days -->
  <testcase classname="com.Test.Enterprise_Reports" name="Open_Enterprise_Report_Page" time="0.0">
    <ignored/>
  </testcase> <!-- Open_Enterprise_Report_Page -->
  <testcase classname="com.Test.Enterprise_Reports" name="Enterprise_Report_Last_Week" time="0.0">
    <ignored/>
  </testcase> <!-- Enterprise_Report_Last_Week -->
  <testcase classname="com.Test.Enterprise_Reports" name="Enterprise_Report_This_Week" time="0.0">
    <ignored/>
  </testcase> <!-- Enterprise_Report_This_Week -->
</testsuite> <!-- Default test -->
