<?xml version="1.0" encoding="UTF-8"?>
<!-- Generated by org.testng.reporters.JUnitXMLReporter -->
<testsuite ignored="7" hostname="INL-JVNGDL3" failures="1" tests="3" name="Default test" time="108.273" errors="0" timestamp="2023-08-08T17:28:52 IST">
  <testcase classname="com.Test.Product_Items_AddEditDelete_Item_Service_Charge" name="Login" time="52.584"/>
  <testcase classname="com.Test.Product_Items_AddEditDelete_Item_Service_Charge" name="Calling" time="46.292">
    <failure type="org.openqa.selenium.InvalidSelectorException" message="invalid selector: Unable to locate an element with the xpath expression //span[.=&amp;apos;ItemServChara034&amp;apos;)]/../../div//div[1]/button because of the following error:
SyntaxError: Failed to execute &amp;apos;evaluate&amp;apos; on &amp;apos;Document&amp;apos;: The string &amp;apos;//span[.=&amp;apos;ItemServChara034&amp;apos;)]/../../div//div[1]/button&amp;apos; is not a valid XPath expression.
  (Session info: chrome=115.0.5790.111)
For documentation on this error, please visit: https://www.selenium.dev/documentation/webdriver/troubleshooting/errors#invalid-selector-exception
Build info: version: &amp;apos;4.10.0&amp;apos;, revision: &amp;apos;c14d967899&amp;apos;
System info: os.name: &amp;apos;Windows 10&amp;apos;, os.arch: &amp;apos;amd64&amp;apos;, os.version: &amp;apos;10.0&amp;apos;, java.version: &amp;apos;17.0.6&amp;apos;
Driver info: org.openqa.selenium.chrome.ChromeDriver
Command: [c3206dd7f1f496283029e732a0e8fd36, findElement {using=xpath, value=//span[.=&amp;apos;ItemServChara034&amp;apos;)]/../../div//div[1]/button}]
Capabilities {acceptInsecureCerts: false, browserName: chrome, browserVersion: 115.0.5790.111, chrome: {chromedriverVersion: 114.0.5735.90 (386bc09e8f4f..., userDataDir: C:\Users\raja.s\AppData\Loc...}, goog:chromeOptions: {debuggerAddress: localhost:58567}, networkConnectionEnabled: false, pageLoadStrategy: normal, platformName: windows, proxy: Proxy(), se:cdp: ws://localhost:58567/devtoo..., se:cdpVersion: 115.0.5790.111, setWindowRect: true, strictFileInteractability: false, timeouts: {implicit: 0, pageLoad: 300000, script: 30000}, unhandledPromptBehavior: dismiss and notify, webauthn:extension:credBlob: true, webauthn:extension:largeBlob: true, webauthn:extension:minPinLength: true, webauthn:extension:prf: true, webauthn:virtualAuthenticators: true}
Session ID: c3206dd7f1f496283029e732a0e8fd36">
      <![CDATA[org.openqa.selenium.InvalidSelectorException: invalid selector: Unable to locate an element with the xpath expression //span[.='ItemServChara034')]/../../div//div[1]/button because of the following error:
SyntaxError: Failed to execute 'evaluate' on 'Document': The string '//span[.='ItemServChara034')]/../../div//div[1]/button' is not a valid XPath expression.
  (Session info: chrome=115.0.5790.111)
For documentation on this error, please visit: https://www.selenium.dev/documentation/webdriver/troubleshooting/errors#invalid-selector-exception
Build info: version: '4.10.0', revision: 'c14d967899'
System info: os.name: 'Windows 10', os.arch: 'amd64', os.version: '10.0', java.version: '17.0.6'
Driver info: org.openqa.selenium.chrome.ChromeDriver
Command: [c3206dd7f1f496283029e732a0e8fd36, findElement {using=xpath, value=//span[.='ItemServChara034')]/../../div//div[1]/button}]
Capabilities {acceptInsecureCerts: false, browserName: chrome, browserVersion: 115.0.5790.111, chrome: {chromedriverVersion: 114.0.5735.90 (386bc09e8f4f..., userDataDir: C:\Users\raja.s\AppData\Loc...}, goog:chromeOptions: {debuggerAddress: localhost:58567}, networkConnectionEnabled: false, pageLoadStrategy: normal, platformName: windows, proxy: Proxy(), se:cdp: ws://localhost:58567/devtoo..., se:cdpVersion: 115.0.5790.111, setWindowRect: true, strictFileInteractability: false, timeouts: {implicit: 0, pageLoad: 300000, script: 30000}, unhandledPromptBehavior: dismiss and notify, webauthn:extension:credBlob: true, webauthn:extension:largeBlob: true, webauthn:extension:minPinLength: true, webauthn:extension:prf: true, webauthn:virtualAuthenticators: true}
Session ID: c3206dd7f1f496283029e732a0e8fd36
at java.base/jdk.internal.reflect.NativeConstructorAccessorImpl.newInstance0(Native Method)
at java.base/jdk.internal.reflect.NativeConstructorAccessorImpl.newInstance(NativeConstructorAccessorImpl.java:77)
at java.base/jdk.internal.reflect.DelegatingConstructorAccessorImpl.newInstance(DelegatingConstructorAccessorImpl.java:45)
at java.base/java.lang.reflect.Constructor.newInstanceWithCaller(Constructor.java:499)
at java.base/java.lang.reflect.Constructor.newInstance(Constructor.java:480)
at org.openqa.selenium.remote.codec.w3c.W3CHttpResponseCodec.createException(W3CHttpResponseCodec.java:199)
at org.openqa.selenium.remote.codec.w3c.W3CHttpResponseCodec.decode(W3CHttpResponseCodec.java:132)
at org.openqa.selenium.remote.codec.w3c.W3CHttpResponseCodec.decode(W3CHttpResponseCodec.java:51)
at org.openqa.selenium.remote.HttpCommandExecutor.execute(HttpCommandExecutor.java:191)
at org.openqa.selenium.remote.service.DriverCommandExecutor.invokeExecute(DriverCommandExecutor.java:196)
at org.openqa.selenium.remote.service.DriverCommandExecutor.execute(DriverCommandExecutor.java:171)
at org.openqa.selenium.remote.RemoteWebDriver.execute(RemoteWebDriver.java:531)
at org.openqa.selenium.remote.ElementLocation$ElementFinder$2.findElement(ElementLocation.java:165)
at org.openqa.selenium.remote.ElementLocation.findElement(ElementLocation.java:59)
at org.openqa.selenium.remote.RemoteWebDriver.findElement(RemoteWebDriver.java:350)
at org.openqa.selenium.remote.RemoteWebDriver.findElement(RemoteWebDriver.java:344)
at com.Pages.Common_XPaths.SearchAndClickEdit(Common_XPaths.java:743)
at com.Test.Product_Items_AddEditDelete_Item_Service_Charge.Edit_and_Close_Cancel_Item_Service_Charge(Product_Items_AddEditDelete_Item_Service_Charge.java:300)
at com.Test.Product_Items_AddEditDelete_Item_Service_Charge.Calling(Product_Items_AddEditDelete_Item_Service_Charge.java:111)
at java.base/jdk.internal.reflect.NativeMethodAccessorImpl.invoke0(Native Method)
at java.base/jdk.internal.reflect.NativeMethodAccessorImpl.invoke(NativeMethodAccessorImpl.java:77)
at java.base/jdk.internal.reflect.DelegatingMethodAccessorImpl.invoke(DelegatingMethodAccessorImpl.java:43)
at java.base/java.lang.reflect.Method.invoke(Method.java:568)
at org.testng.internal.MethodInvocationHelper.invokeMethod(MethodInvocationHelper.java:133)
at org.testng.internal.TestInvoker.invokeMethod(TestInvoker.java:598)
at org.testng.internal.TestInvoker.invokeTestMethod(TestInvoker.java:173)
at org.testng.internal.MethodRunner.runInSequence(MethodRunner.java:46)
at org.testng.internal.TestInvoker$MethodInvocationAgent.invoke(TestInvoker.java:824)
at org.testng.internal.TestInvoker.invokeTestMethods(TestInvoker.java:146)
at org.testng.internal.TestMethodWorker.invokeTestMethods(TestMethodWorker.java:146)
at org.testng.internal.TestMethodWorker.run(TestMethodWorker.java:128)
at java.base/java.util.ArrayList.forEach(ArrayList.java:1511)
at org.testng.TestRunner.privateRun(TestRunner.java:794)
at org.testng.TestRunner.run(TestRunner.java:596)
at org.testng.SuiteRunner.runTest(SuiteRunner.java:377)
at org.testng.SuiteRunner.runSequentially(SuiteRunner.java:371)
at org.testng.SuiteRunner.privateRun(SuiteRunner.java:332)
at org.testng.SuiteRunner.run(SuiteRunner.java:276)
at org.testng.SuiteRunnerWorker.runSuite(SuiteRunnerWorker.java:53)
at org.testng.SuiteRunnerWorker.run(SuiteRunnerWorker.java:96)
at org.testng.TestNG.runSuitesSequentially(TestNG.java:1212)
at org.testng.TestNG.runSuitesLocally(TestNG.java:1134)
at org.testng.TestNG.runSuites(TestNG.java:1063)
at org.testng.TestNG.run(TestNG.java:1031)
at org.testng.remote.AbstractRemoteTestNG.run(AbstractRemoteTestNG.java:115)
at org.testng.remote.RemoteTestNG.initAndRun(RemoteTestNG.java:251)
at org.testng.remote.RemoteTestNG.main(RemoteTestNG.java:77)
]]>
    </failure>
  </testcase> <!-- Calling -->
  <testcase classname="com.Test.Product_Items_AddEditDelete_Item_Service_Charge" name="LogOut" time="6.97"/>
  <testcase classname="com.Test.Product_Items_AddEditDelete_Item_Service_Charge" name="Create_Duplicate_Item_Service_Charge" time="0.0">
    <ignored/>
  </testcase> <!-- Create_Duplicate_Item_Service_Charge -->
  <testcase classname="com.Test.Product_Items_AddEditDelete_Item_Service_Charge" name="Edit_and_Close_Cancel_Item_Service_Charge" time="0.0">
    <ignored/>
  </testcase> <!-- Edit_and_Close_Cancel_Item_Service_Charge -->
  <testcase classname="com.Test.Product_Items_AddEditDelete_Item_Service_Charge" name="Open_Item_Service_Charge_Page" time="0.0">
    <ignored/>
  </testcase> <!-- Open_Item_Service_Charge_Page -->
  <testcase classname="com.Test.Product_Items_AddEditDelete_Item_Service_Charge" name="Add_Item_Service_Charge" time="0.0">
    <ignored/>
  </testcase> <!-- Add_Item_Service_Charge -->
  <testcase classname="com.Test.Product_Items_AddEditDelete_Item_Service_Charge" name="Delete_and_Active_Inactive_Item_Service_Charge" time="0.0">
    <ignored/>
  </testcase> <!-- Delete_and_Active_Inactive_Item_Service_Charge -->
  <testcase classname="com.Test.Product_Items_AddEditDelete_Item_Service_Charge" name="RefreshAndPaginination" time="0.0">
    <ignored/>
  </testcase> <!-- RefreshAndPaginination -->
  <testcase classname="com.Test.Product_Items_AddEditDelete_Item_Service_Charge" name="Edit_and_Update_Item_Service_Charge" time="0.0">
    <ignored/>
  </testcase> <!-- Edit_and_Update_Item_Service_Charge -->
</testsuite> <!-- Default test -->
