<?xml version="1.0" encoding="UTF-8"?>
<!-- Generated by org.testng.reporters.JUnitXMLReporter -->
<testsuite ignored="0" hostname="INL-JVNGDL3" failures="1" tests="18" name="Default test" time="5.167" errors="0" timestamp="2023-11-09T17:40:24 IST">
  <testcase classname="com.Test.All_Dashboard_Old_BO" name="@AfterMethod TestFail" time="0.006">
    <failure type="java.lang.NullPointerException" message="Cannot invoke &amp;quot;com.epam.healenium.SelfHealingDriver.getDelegate()&amp;quot; because &amp;quot;this.driver&amp;quot; is null">
      <![CDATA[java.lang.NullPointerException: Cannot invoke "com.epam.healenium.SelfHealingDriver.getDelegate()" because "this.driver" is null
at com.Test.All_Dashboard_Old_BO.TestFail(All_Dashboard_Old_BO.java:63)
at java.base/jdk.internal.reflect.NativeMethodAccessorImpl.invoke0(Native Method)
at java.base/jdk.internal.reflect.NativeMethodAccessorImpl.invoke(NativeMethodAccessorImpl.java:77)
at java.base/jdk.internal.reflect.DelegatingMethodAccessorImpl.invoke(DelegatingMethodAccessorImpl.java:43)
at java.base/java.lang.reflect.Method.invoke(Method.java:568)
at org.testng.internal.invokers.MethodInvocationHelper.invokeMethod(MethodInvocationHelper.java:139)
at org.testng.internal.invokers.MethodInvocationHelper.invokeMethodConsideringTimeout(MethodInvocationHelper.java:69)
at org.testng.internal.invokers.ConfigInvoker.invokeConfigurationMethod(ConfigInvoker.java:390)
at org.testng.internal.invokers.ConfigInvoker.invokeConfigurations(ConfigInvoker.java:325)
at org.testng.internal.invokers.TestInvoker.runConfigMethods(TestInvoker.java:810)
at org.testng.internal.invokers.TestInvoker.runAfterConfigurations(TestInvoker.java:779)
at org.testng.internal.invokers.TestInvoker.invokeMethod(TestInvoker.java:755)
at org.testng.internal.invokers.TestInvoker.invokeTestMethod(TestInvoker.java:227)
at org.testng.internal.invokers.MethodRunner.runInSequence(MethodRunner.java:50)
at org.testng.internal.invokers.TestInvoker$MethodInvocationAgent.invoke(TestInvoker.java:957)
at org.testng.internal.invokers.TestInvoker.invokeTestMethods(TestInvoker.java:200)
at org.testng.internal.invokers.TestMethodWorker.invokeTestMethods(TestMethodWorker.java:148)
at org.testng.internal.invokers.TestMethodWorker.run(TestMethodWorker.java:128)
at java.base/java.util.ArrayList.forEach(ArrayList.java:1511)
at org.testng.TestRunner.privateRun(TestRunner.java:848)
at org.testng.TestRunner.run(TestRunner.java:621)
at org.testng.SuiteRunner.runTest(SuiteRunner.java:443)
at org.testng.SuiteRunner.runSequentially(SuiteRunner.java:437)
at org.testng.SuiteRunner.privateRun(SuiteRunner.java:397)
at org.testng.SuiteRunner.run(SuiteRunner.java:336)
at org.testng.SuiteRunnerWorker.runSuite(SuiteRunnerWorker.java:52)
at org.testng.SuiteRunnerWorker.run(SuiteRunnerWorker.java:95)
at org.testng.TestNG.runSuitesSequentially(TestNG.java:1280)
at org.testng.TestNG.runSuitesLocally(TestNG.java:1200)
at org.testng.TestNG.runSuites(TestNG.java:1114)
at org.testng.TestNG.run(TestNG.java:1082)
at org.testng.remote.AbstractRemoteTestNG.run(AbstractRemoteTestNG.java:115)
at org.testng.remote.RemoteTestNG.initAndRun(RemoteTestNG.java:251)
at org.testng.remote.RemoteTestNG.main(RemoteTestNG.java:77)
]]>
    </failure>
  </testcase> <!-- @AfterMethod TestFail -->
  <testcase classname="com.Test.All_Dashboard_Old_BO" name="@AfterMethod TestFail" time="0.0">
    <skipped/>
  </testcase> <!-- @AfterMethod TestFail -->
  <testcase classname="com.Test.All_Dashboard_Old_BO" name="@AfterMethod TestFail" time="0.0">
    <skipped/>
  </testcase> <!-- @AfterMethod TestFail -->
  <testcase classname="com.Test.All_Dashboard_Old_BO" name="@AfterMethod TestFail" time="0.0">
    <skipped/>
  </testcase> <!-- @AfterMethod TestFail -->
  <testcase classname="com.Test.All_Dashboard_Old_BO" name="@AfterMethod TestFail" time="0.0">
    <skipped/>
  </testcase> <!-- @AfterMethod TestFail -->
  <testcase classname="com.Test.All_Dashboard_Old_BO" name="@AfterMethod TestFail" time="0.0">
    <skipped/>
  </testcase> <!-- @AfterMethod TestFail -->
  <testcase classname="com.Test.All_Dashboard_Old_BO" name="@AfterMethod TestFail" time="0.0">
    <skipped/>
  </testcase> <!-- @AfterMethod TestFail -->
  <testcase classname="com.Test.All_Dashboard_Old_BO" name="@AfterMethod TestFail" time="0.0">
    <skipped/>
  </testcase> <!-- @AfterMethod TestFail -->
  <testcase classname="com.Test.All_Dashboard_Old_BO" name="@AfterMethod TestFail" time="0.0">
    <skipped/>
  </testcase> <!-- @AfterMethod TestFail -->
  <testcase classname="com.Test.All_Dashboard_Old_BO" name="@AfterMethod TestFail" time="0.0">
    <skipped/>
  </testcase> <!-- @AfterMethod TestFail -->
  <testcase classname="com.Test.All_Dashboard_Old_BO" name="@AfterMethod TestFail" time="0.0">
    <skipped/>
  </testcase> <!-- @AfterMethod TestFail -->
  <testcase classname="com.Test.All_Dashboard_Old_BO" name="@AfterMethod TestFail" time="0.0">
    <skipped/>
  </testcase> <!-- @AfterMethod TestFail -->
  <testcase classname="com.Test.All_Dashboard_Old_BO" name="@AfterMethod TestFail" time="0.0">
    <skipped/>
  </testcase> <!-- @AfterMethod TestFail -->
  <testcase classname="com.Test.All_Dashboard_Old_BO" name="@AfterMethod TestFail" time="0.0">
    <skipped/>
  </testcase> <!-- @AfterMethod TestFail -->
  <testcase classname="com.Test.All_Dashboard_Old_BO" name="@AfterMethod TestFail" time="0.0">
    <skipped/>
  </testcase> <!-- @AfterMethod TestFail -->
  <testcase classname="com.Test.All_Dashboard_Old_BO" name="@AfterMethod TestFail" time="0.0">
    <skipped/>
  </testcase> <!-- @AfterMethod TestFail -->
  <testcase classname="com.Test.All_Dashboard_Old_BO" name="@AfterMethod TestFail" time="0.0">
    <skipped/>
  </testcase> <!-- @AfterMethod TestFail -->
  <testcase classname="com.Test.All_Dashboard_Old_BO" name="@AfterMethod TestFail" time="0.0">
    <skipped/>
  </testcase> <!-- @AfterMethod TestFail -->
  <testcase classname="com.Test.All_Dashboard_Old_BO" name="@AfterClass flushTest" time="0.0">
    <skipped/>
  </testcase> <!-- @AfterClass flushTest -->
  <testcase classname="com.Test.All_Dashboard_Old_BO" name="Dashboard_Customers_Old_BO" time="5.07">
    <failure type="java.lang.NullPointerException" message="Cannot invoke &amp;quot;com.epam.healenium.SelfHealingDriver.get(String)&amp;quot; because &amp;quot;driver&amp;quot; is null">
      <![CDATA[java.lang.NullPointerException: Cannot invoke "com.epam.healenium.SelfHealingDriver.get(String)" because "driver" is null
at com.Test.Dashboard_Customers_Old_BO.Open_Dashboard_Sales_Page(Dashboard_Customers_Old_BO.java:131)
at com.Test.All_Dashboard_Old_BO.Dashboard_Customers_Old_BO(All_Dashboard_Old_BO.java:118)
at java.base/jdk.internal.reflect.NativeMethodAccessorImpl.invoke0(Native Method)
at java.base/jdk.internal.reflect.NativeMethodAccessorImpl.invoke(NativeMethodAccessorImpl.java:77)
at java.base/jdk.internal.reflect.DelegatingMethodAccessorImpl.invoke(DelegatingMethodAccessorImpl.java:43)
at java.base/java.lang.reflect.Method.invoke(Method.java:568)
at org.testng.internal.invokers.MethodInvocationHelper.invokeMethod(MethodInvocationHelper.java:139)
at org.testng.internal.invokers.TestInvoker.invokeMethod(TestInvoker.java:664)
at org.testng.internal.invokers.TestInvoker.invokeTestMethod(TestInvoker.java:227)
at org.testng.internal.invokers.MethodRunner.runInSequence(MethodRunner.java:50)
at org.testng.internal.invokers.TestInvoker$MethodInvocationAgent.invoke(TestInvoker.java:957)
at org.testng.internal.invokers.TestInvoker.invokeTestMethods(TestInvoker.java:200)
at org.testng.internal.invokers.TestMethodWorker.invokeTestMethods(TestMethodWorker.java:148)
at org.testng.internal.invokers.TestMethodWorker.run(TestMethodWorker.java:128)
at java.base/java.util.ArrayList.forEach(ArrayList.java:1511)
at org.testng.TestRunner.privateRun(TestRunner.java:848)
at org.testng.TestRunner.run(TestRunner.java:621)
at org.testng.SuiteRunner.runTest(SuiteRunner.java:443)
at org.testng.SuiteRunner.runSequentially(SuiteRunner.java:437)
at org.testng.SuiteRunner.privateRun(SuiteRunner.java:397)
at org.testng.SuiteRunner.run(SuiteRunner.java:336)
at org.testng.SuiteRunnerWorker.runSuite(SuiteRunnerWorker.java:52)
at org.testng.SuiteRunnerWorker.run(SuiteRunnerWorker.java:95)
at org.testng.TestNG.runSuitesSequentially(TestNG.java:1280)
at org.testng.TestNG.runSuitesLocally(TestNG.java:1200)
at org.testng.TestNG.runSuites(TestNG.java:1114)
at org.testng.TestNG.run(TestNG.java:1082)
at org.testng.remote.AbstractRemoteTestNG.run(AbstractRemoteTestNG.java:115)
at org.testng.remote.RemoteTestNG.initAndRun(RemoteTestNG.java:251)
at org.testng.remote.RemoteTestNG.main(RemoteTestNG.java:77)
]]>
    </failure>
  </testcase> <!-- Dashboard_Customers_Old_BO -->
  <testcase classname="com.Test.All_Dashboard_Old_BO" name="Dashboard_Employees_Old_BO" time="0.0">
    <skipped/>
  </testcase> <!-- Dashboard_Employees_Old_BO -->
  <testcase classname="com.Test.All_Dashboard_Old_BO" name="Dashboard_Inventory_Old_BO" time="0.0">
    <skipped/>
  </testcase> <!-- Dashboard_Inventory_Old_BO -->
  <testcase classname="com.Test.All_Dashboard_Old_BO" name="Dashboard_KDS_Old_BO" time="0.0">
    <skipped/>
  </testcase> <!-- Dashboard_KDS_Old_BO -->
  <testcase classname="com.Test.All_Dashboard_Old_BO" name="Dashboard_Online_Ordering_Old_BO" time="0.0">
    <skipped/>
  </testcase> <!-- Dashboard_Online_Ordering_Old_BO -->
  <testcase classname="com.Test.All_Dashboard_Old_BO" name="Dashboard_Sales_Old_BO3" time="0.0">
    <skipped/>
  </testcase> <!-- Dashboard_Sales_Old_BO3 -->
  <testcase classname="com.Test.All_Dashboard_Old_BO" name="Old_BO_Category_Report_Date_Range1" time="0.0">
    <skipped/>
  </testcase> <!-- Old_BO_Category_Report_Date_Range1 -->
  <testcase classname="com.Test.All_Dashboard_Old_BO" name="Old_BO_Reports_Sale_Summary_Report" time="0.0">
    <skipped/>
  </testcase> <!-- Old_BO_Reports_Sale_Summary_Report -->
  <testcase classname="com.Test.All_Dashboard_Old_BO" name="Old_BO_Reports_Online_Sales_Report" time="0.0">
    <skipped/>
  </testcase> <!-- Old_BO_Reports_Online_Sales_Report -->
  <testcase classname="com.Test.All_Dashboard_Old_BO" name="Old_BO_Reports_Modifier_Sale_Report" time="0.001">
    <skipped/>
  </testcase> <!-- Old_BO_Reports_Modifier_Sale_Report -->
  <testcase classname="com.Test.All_Dashboard_Old_BO" name="Old_BO_Reports_MenuItem_Sale_Report" time="0.001">
    <skipped/>
  </testcase> <!-- Old_BO_Reports_MenuItem_Sale_Report -->
  <testcase classname="com.Test.All_Dashboard_Old_BO" name="Old_BO_Reports_Hourly_Sale_Report" time="0.0">
    <skipped/>
  </testcase> <!-- Old_BO_Reports_Hourly_Sale_Report -->
  <testcase classname="com.Test.All_Dashboard_Old_BO" name="Old_BO_Reports_Department_Sale_Report" time="0.0">
    <skipped/>
  </testcase> <!-- Old_BO_Reports_Department_Sale_Report -->
  <testcase classname="com.Test.All_Dashboard_Old_BO" name="Old_BO_Reports_Daily_Sale_Report" time="0.0">
    <skipped/>
  </testcase> <!-- Old_BO_Reports_Daily_Sale_Report -->
  <testcase classname="com.Test.All_Dashboard_Old_BO" name="Old_BO_Reports_Sales_CashierOut_Report" time="0.0">
    <skipped/>
  </testcase> <!-- Old_BO_Reports_Sales_CashierOut_Report -->
  <testcase classname="com.Test.All_Dashboard_Old_BO" name="Old_BO_Reports_Sales_SaleRecap_Report" time="0.0">
    <skipped/>
  </testcase> <!-- Old_BO_Reports_Sales_SaleRecap_Report -->
  <testcase classname="com.Test.All_Dashboard_Old_BO" name="Old_BO_Reports_Sales_Weekly_Summary_Report" time="0.0">
    <skipped/>
  </testcase> <!-- Old_BO_Reports_Sales_Weekly_Summary_Report -->
  <testcase classname="com.Test.All_Dashboard_Old_BO" name="Old_BO_Reports_SubCategory_Sale_Report" time="0.0">
    <skipped/>
  </testcase> <!-- Old_BO_Reports_SubCategory_Sale_Report -->
</testsuite> <!-- Default test -->
