<?xml version="1.0" encoding="UTF-8"?>
<!-- Generated by org.testng.reporters.JUnitXMLReporter -->
<testsuite ignored="2" hostname="INL-JVNGDL3" failures="1" tests="7" name="Default test" time="5.128" errors="0" timestamp="2023-08-17T18:59:29 IST">
  <testcase classname="com.Test.Product_Items_AddEditDelete_Departments" name="@AfterMethod TestFail" time="0.004">
    <failure type="java.lang.NullPointerException" message="Cannot invoke &amp;quot;org.openqa.selenium.TakesScreenshot.getScreenshotAs(org.openqa.selenium.OutputType)&amp;quot; because &amp;quot;this.driver&amp;quot; is null">
      <![CDATA[java.lang.NullPointerException: Cannot invoke "org.openqa.selenium.TakesScreenshot.getScreenshotAs(org.openqa.selenium.OutputType)" because "this.driver" is null
at com.Test.Product_Items_AddEditDelete_Departments.TestFail(Product_Items_AddEditDelete_Departments.java:65)
at java.base/jdk.internal.reflect.NativeMethodAccessorImpl.invoke0(Native Method)
at java.base/jdk.internal.reflect.NativeMethodAccessorImpl.invoke(NativeMethodAccessorImpl.java:77)
at java.base/jdk.internal.reflect.DelegatingMethodAccessorImpl.invoke(DelegatingMethodAccessorImpl.java:43)
at java.base/java.lang.reflect.Method.invoke(Method.java:568)
at org.testng.internal.MethodInvocationHelper.invokeMethod(MethodInvocationHelper.java:133)
at org.testng.internal.MethodInvocationHelper.invokeMethodConsideringTimeout(MethodInvocationHelper.java:62)
at org.testng.internal.ConfigInvoker.invokeConfigurationMethod(ConfigInvoker.java:385)
at org.testng.internal.ConfigInvoker.invokeConfigurations(ConfigInvoker.java:321)
at org.testng.internal.TestInvoker.runConfigMethods(TestInvoker.java:700)
at org.testng.internal.TestInvoker.runAfterGroupsConfigurations(TestInvoker.java:676)
at org.testng.internal.TestInvoker.invokeMethod(TestInvoker.java:660)
at org.testng.internal.TestInvoker.invokeTestMethod(TestInvoker.java:173)
at org.testng.internal.MethodRunner.runInSequence(MethodRunner.java:46)
at org.testng.internal.TestInvoker$MethodInvocationAgent.invoke(TestInvoker.java:824)
at org.testng.internal.TestInvoker.invokeTestMethods(TestInvoker.java:146)
at org.testng.internal.TestMethodWorker.invokeTestMethods(TestMethodWorker.java:146)
at org.testng.internal.TestMethodWorker.run(TestMethodWorker.java:128)
at java.base/java.util.ArrayList.forEach(ArrayList.java:1511)
at org.testng.TestRunner.privateRun(TestRunner.java:794)
at org.testng.TestRunner.run(TestRunner.java:596)
at org.testng.SuiteRunner.runTest(SuiteRunner.java:377)
at org.testng.SuiteRunner.runSequentially(SuiteRunner.java:371)
at org.testng.SuiteRunner.privateRun(SuiteRunner.java:332)
at org.testng.SuiteRunner.run(SuiteRunner.java:276)
at org.testng.SuiteRunnerWorker.runSuite(SuiteRunnerWorker.java:53)
at org.testng.SuiteRunnerWorker.run(SuiteRunnerWorker.java:96)
at org.testng.TestNG.runSuitesSequentially(TestNG.java:1212)
at org.testng.TestNG.runSuitesLocally(TestNG.java:1134)
at org.testng.TestNG.runSuites(TestNG.java:1063)
at org.testng.TestNG.run(TestNG.java:1031)
at org.testng.remote.AbstractRemoteTestNG.run(AbstractRemoteTestNG.java:115)
at org.testng.remote.RemoteTestNG.initAndRun(RemoteTestNG.java:251)
at org.testng.remote.RemoteTestNG.main(RemoteTestNG.java:77)
]]>
    </failure>
  </testcase> <!-- @AfterMethod TestFail -->
  <testcase classname="com.Test.Product_Items_AddEditDelete_Departments" name="@AfterMethod TestFail" time="-1.692278969914E9">
    <skipped/>
  </testcase> <!-- @AfterMethod TestFail -->
  <testcase classname="com.Test.Product_Items_AddEditDelete_Departments" name="@AfterMethod TestFail" time="-1.692278969917E9">
    <skipped/>
  </testcase> <!-- @AfterMethod TestFail -->
  <testcase classname="com.Test.Product_Items_AddEditDelete_Departments" name="@AfterMethod TestFail" time="-1.69227896992E9">
    <skipped/>
  </testcase> <!-- @AfterMethod TestFail -->
  <testcase classname="com.Test.Product_Items_AddEditDelete_Departments" name="@AfterMethod TestFail" time="-1.692278969923E9">
    <skipped/>
  </testcase> <!-- @AfterMethod TestFail -->
  <testcase classname="com.Test.Product_Items_AddEditDelete_Departments" name="@AfterMethod TestFail" time="-1.692278969926E9">
    <skipped/>
  </testcase> <!-- @AfterMethod TestFail -->
  <testcase classname="com.Test.Product_Items_AddEditDelete_Departments" name="@AfterMethod TestFail" time="-1.692278969929E9">
    <skipped/>
  </testcase> <!-- @AfterMethod TestFail -->
  <testcase classname="com.Test.Product_Items_AddEditDelete_Departments" name="@AfterClass flushTest" time="-1.69227896993E9">
    <skipped/>
  </testcase> <!-- @AfterClass flushTest -->
  <testcase classname="com.Test.Product_Items_AddEditDelete_Departments" name="Open_Departments_Page" time="5.058">
    <failure type="java.lang.NullPointerException" message="Cannot invoke &amp;quot;org.openqa.selenium.WebDriver.get(String)&amp;quot; because &amp;quot;this.driver&amp;quot; is null">
      <![CDATA[java.lang.NullPointerException: Cannot invoke "org.openqa.selenium.WebDriver.get(String)" because "this.driver" is null
at com.Test.Product_Items_AddEditDelete_Departments.Open_Departments_Page(Product_Items_AddEditDelete_Departments.java:140)
at java.base/jdk.internal.reflect.NativeMethodAccessorImpl.invoke0(Native Method)
at java.base/jdk.internal.reflect.NativeMethodAccessorImpl.invoke(NativeMethodAccessorImpl.java:77)
at java.base/jdk.internal.reflect.DelegatingMethodAccessorImpl.invoke(DelegatingMethodAccessorImpl.java:43)
at java.base/java.lang.reflect.Method.invoke(Method.java:568)
at org.testng.internal.MethodInvocationHelper.invokeMethod(MethodInvocationHelper.java:133)
at org.testng.internal.TestInvoker.invokeMethod(TestInvoker.java:598)
at org.testng.internal.TestInvoker.invokeTestMethod(TestInvoker.java:173)
at org.testng.internal.MethodRunner.runInSequence(MethodRunner.java:46)
at org.testng.internal.TestInvoker$MethodInvocationAgent.invoke(TestInvoker.java:824)
at org.testng.internal.TestInvoker.invokeTestMethods(TestInvoker.java:146)
at org.testng.internal.TestMethodWorker.invokeTestMethods(TestMethodWorker.java:146)
at org.testng.internal.TestMethodWorker.run(TestMethodWorker.java:128)
at java.base/java.util.ArrayList.forEach(ArrayList.java:1511)
at org.testng.TestRunner.privateRun(TestRunner.java:794)
at org.testng.TestRunner.run(TestRunner.java:596)
at org.testng.SuiteRunner.runTest(SuiteRunner.java:377)
at org.testng.SuiteRunner.runSequentially(SuiteRunner.java:371)
at org.testng.SuiteRunner.privateRun(SuiteRunner.java:332)
at org.testng.SuiteRunner.run(SuiteRunner.java:276)
at org.testng.SuiteRunnerWorker.runSuite(SuiteRunnerWorker.java:53)
at org.testng.SuiteRunnerWorker.run(SuiteRunnerWorker.java:96)
at org.testng.TestNG.runSuitesSequentially(TestNG.java:1212)
at org.testng.TestNG.runSuitesLocally(TestNG.java:1134)
at org.testng.TestNG.runSuites(TestNG.java:1063)
at org.testng.TestNG.run(TestNG.java:1031)
at org.testng.remote.AbstractRemoteTestNG.run(AbstractRemoteTestNG.java:115)
at org.testng.remote.RemoteTestNG.initAndRun(RemoteTestNG.java:251)
at org.testng.remote.RemoteTestNG.main(RemoteTestNG.java:77)
]]>
    </failure>
  </testcase> <!-- Open_Departments_Page -->
  <testcase classname="com.Test.Product_Items_AddEditDelete_Departments" name="RefreshAndPaginination" time="0.0">
    <skipped/>
  </testcase> <!-- RefreshAndPaginination -->
  <testcase classname="com.Test.Product_Items_AddEditDelete_Departments" name="Add_Departments" time="0.0">
    <skipped/>
  </testcase> <!-- Add_Departments -->
  <testcase classname="com.Test.Product_Items_AddEditDelete_Departments" name="Edit_and_Close_Cancel_Departments" time="0.0">
    <skipped/>
  </testcase> <!-- Edit_and_Close_Cancel_Departments -->
  <testcase classname="com.Test.Product_Items_AddEditDelete_Departments" name="Edit_and_Update_Departments" time="0.0">
    <skipped/>
  </testcase> <!-- Edit_and_Update_Departments -->
  <testcase classname="com.Test.Product_Items_AddEditDelete_Departments" name="Delete_and_Active_Inactive_Departments" time="0.0">
    <skipped/>
  </testcase> <!-- Delete_and_Active_Inactive_Departments -->
  <testcase classname="com.Test.Product_Items_AddEditDelete_Departments" name="Create_DuplicateDepartment" time="0.0">
    <skipped/>
  </testcase> <!-- Create_DuplicateDepartment -->
  <testcase classname="com.Test.Product_Items_AddEditDelete_Departments" name="LogOut" time="0.0">
    <ignored/>
  </testcase> <!-- LogOut -->
  <testcase classname="com.Test.Product_Items_AddEditDelete_Departments" name="Login" time="0.0">
    <ignored/>
  </testcase> <!-- Login -->
</testsuite> <!-- Default test -->
