<?xml version="1.0" encoding="UTF-8"?>
<!-- Generated by org.testng.reporters.JUnitXMLReporter -->
<testsuite ignored="12" hostname="INL-JVNGDL3" failures="0" tests="3" name="Default test" time="571.964" errors="0" timestamp="2023-09-25T16:57:58 IST">
  <testcase classname="com.Test.Reports_Comparison_Report" name="Login" time="51.126"/>
  <testcase classname="com.Test.Reports_Comparison_Report" name="Calling" time="511.408"/>
  <testcase classname="com.Test.Reports_Comparison_Report" name="LogOut" time="6.907"/>
  <testcase classname="com.Test.Reports_Comparison_Report" name="Open_Comparison_Report_Page" time="0.0">
    <ignored/>
  </testcase> <!-- Open_Comparison_Report_Page -->
  <testcase classname="com.Test.Reports_Comparison_Report" name="Comparison_Sale_Report_Comp1_Today_Comp2_Yesterday" time="0.0">
    <ignored/>
  </testcase> <!-- Comparison_Sale_Report_Comp1_Today_Comp2_Yesterday -->
  <testcase classname="com.Test.Reports_Comparison_Report" name="Comparison_Sale_Report_Comp1_Today_Comp2_Last_7_Days" time="0.0">
    <ignored/>
  </testcase> <!-- Comparison_Sale_Report_Comp1_Today_Comp2_Last_7_Days -->
  <testcase classname="com.Test.Reports_Comparison_Report" name="Comparison_Sale_Report_Comp1_Today_Comp2_Last_30_days" time="0.0">
    <ignored/>
  </testcase> <!-- Comparison_Sale_Report_Comp1_Today_Comp2_Last_30_days -->
  <testcase classname="com.Test.Reports_Comparison_Report" name="Comparison_Sale_Report_Comp1_Today_Comp2_Specific_Date" time="0.0">
    <ignored/>
  </testcase> <!-- Comparison_Sale_Report_Comp1_Today_Comp2_Specific_Date -->
  <testcase classname="com.Test.Reports_Comparison_Report" name="Comparison_Sale_Report_Comp1_Today_Comp2_This_Week" time="0.0">
    <ignored/>
  </testcase> <!-- Comparison_Sale_Report_Comp1_Today_Comp2_This_Week -->
  <testcase classname="com.Test.Reports_Comparison_Report" name="Comparison_Sale_Report_Comp1_Today_Comp2_Date_Range" time="0.0">
    <ignored/>
  </testcase> <!-- Comparison_Sale_Report_Comp1_Today_Comp2_Date_Range -->
  <testcase classname="com.Test.Reports_Comparison_Report" name="RefreshAndPaginination" time="0.0">
    <ignored/>
  </testcase> <!-- RefreshAndPaginination -->
  <testcase classname="com.Test.Reports_Comparison_Report" name="Comparison_Sale_Report_Comp1_Today_Comp2_Last_N_Days" time="0.0">
    <ignored/>
  </testcase> <!-- Comparison_Sale_Report_Comp1_Today_Comp2_Last_N_Days -->
  <testcase classname="com.Test.Reports_Comparison_Report" name="Comparison_Sale_Report_Comp1_Today_Comp2_Last_Week" time="0.0">
    <ignored/>
  </testcase> <!-- Comparison_Sale_Report_Comp1_Today_Comp2_Last_Week -->
  <testcase classname="com.Test.Reports_Comparison_Report" name="Comparison_Sale_Report_Comp1_Today_Comp2_Last_Month" time="0.0">
    <ignored/>
  </testcase> <!-- Comparison_Sale_Report_Comp1_Today_Comp2_Last_Month -->
  <testcase classname="com.Test.Reports_Comparison_Report" name="Comparison_Sale_Report_Comp1_Today_Comp2_This_Month" time="0.0">
    <ignored/>
  </testcase> <!-- Comparison_Sale_Report_Comp1_Today_Comp2_This_Month -->
</testsuite> <!-- Default test -->
