<?xml version="1.0" encoding="UTF-8"?>
<!-- Generated by org.testng.reporters.JUnitXMLReporter -->
<testsuite ignored="2" hostname="INL-JVNGDL3" failures="0" tests="3" name="Default test" time="434.032" errors="0" timestamp="2023-10-30T19:05:14 IST">
  <testcase classname="com.Test.Dashboard_Online_Ordering_Old_BO" name="Login" time="249.13"/>
  <testcase classname="com.Test.Dashboard_Online_Ordering_Old_BO" name="Calling" time="175.335"/>
  <testcase classname="com.Test.Dashboard_Online_Ordering_Old_BO" name="LogOut" time="6.737"/>
  <testcase classname="com.Test.Dashboard_Online_Ordering_Old_BO" name="Dashboard_Sales_Date_Range" time="0.0">
    <ignored/>
  </testcase> <!-- Dashboard_Sales_Date_Range -->
  <testcase classname="com.Test.Dashboard_Online_Ordering_Old_BO" name="Open_Dashboard_Sales_Page" time="0.0">
    <ignored/>
  </testcase> <!-- Open_Dashboard_Sales_Page -->
</testsuite> <!-- Default test -->
