<?xml version="1.0" encoding="UTF-8"?>
<!-- Generated by org.testng.reporters.JUnitXMLReporter -->
<testsuite ignored="14" hostname="INL-JVNGDL3" failures="0" tests="3" name="Default test" time="463.684" errors="0" timestamp="2023-09-01T16:58:14 IST">
  <testcase classname="com.Test.Enterprise_Reports_Sale_Summary_Report" name="Login" time="49.469"/>
  <testcase classname="com.Test.Enterprise_Reports_Sale_Summary_Report" name="Calling" time="405.015"/>
  <testcase classname="com.Test.Enterprise_Reports_Sale_Summary_Report" name="LogOut" time="6.741"/>
  <testcase classname="com.Test.Enterprise_Reports_Sale_Summary_Report" name="RefreshAndPaginination" time="0.0">
    <ignored/>
  </testcase> <!-- RefreshAndPaginination -->
  <testcase classname="com.Test.Enterprise_Reports_Sale_Summary_Report" name="Enterprise_Sale_Summary_Report_Last_N_Days" time="0.0">
    <ignored/>
  </testcase> <!-- Enterprise_Sale_Summary_Report_Last_N_Days -->
  <testcase classname="com.Test.Enterprise_Reports_Sale_Summary_Report" name="Enterprise_Sale_Summary_Report_This_Month" time="0.0">
    <ignored/>
  </testcase> <!-- Enterprise_Sale_Summary_Report_This_Month -->
  <testcase classname="com.Test.Enterprise_Reports_Sale_Summary_Report" name="Enterprise_Sale_Summary_Report_Last_Month" time="0.0">
    <ignored/>
  </testcase> <!-- Enterprise_Sale_Summary_Report_Last_Month -->
  <testcase classname="com.Test.Enterprise_Reports_Sale_Summary_Report" name="Enterprise_Sale_Summary_Report_Specific_Date" time="0.0">
    <ignored/>
  </testcase> <!-- Enterprise_Sale_Summary_Report_Specific_Date -->
  <testcase classname="com.Test.Enterprise_Reports_Sale_Summary_Report" name="Enterprise_Sale_Summary_Report_This_Week" time="0.0">
    <ignored/>
  </testcase> <!-- Enterprise_Sale_Summary_Report_This_Week -->
  <testcase classname="com.Test.Enterprise_Reports_Sale_Summary_Report" name="Enterprise_Sale_Summary_Report_Last_30_Days" time="0.0">
    <ignored/>
  </testcase> <!-- Enterprise_Sale_Summary_Report_Last_30_Days -->
  <testcase classname="com.Test.Enterprise_Reports_Sale_Summary_Report" name="Enterprise_Sale_Summary_Report_Last_7_Days" time="0.0">
    <ignored/>
  </testcase> <!-- Enterprise_Sale_Summary_Report_Last_7_Days -->
  <testcase classname="com.Test.Enterprise_Reports_Sale_Summary_Report" name="SelectTheCat" time="0.0">
    <ignored/>
  </testcase> <!-- SelectTheCat -->
  <testcase classname="com.Test.Enterprise_Reports_Sale_Summary_Report" name="Enterprise_Sale_Summary_Report_Yesterday" time="0.0">
    <ignored/>
  </testcase> <!-- Enterprise_Sale_Summary_Report_Yesterday -->
  <testcase classname="com.Test.Enterprise_Reports_Sale_Summary_Report" name="Enterprise_Sale_Summary_Report_Date_Range" time="0.0">
    <ignored/>
  </testcase> <!-- Enterprise_Sale_Summary_Report_Date_Range -->
  <testcase classname="com.Test.Enterprise_Reports_Sale_Summary_Report" name="Open_Enterprise_Sale_Summary_Report_Page" time="0.0">
    <ignored/>
  </testcase> <!-- Open_Enterprise_Sale_Summary_Report_Page -->
  <testcase classname="com.Test.Enterprise_Reports_Sale_Summary_Report" name="Enterprise_Sale_Summary_Report_Today" time="0.0">
    <ignored/>
  </testcase> <!-- Enterprise_Sale_Summary_Report_Today -->
  <testcase classname="com.Test.Enterprise_Reports_Sale_Summary_Report" name="Enterprise_Sale_Summary_Report_Last_Week" time="0.0">
    <ignored/>
  </testcase> <!-- Enterprise_Sale_Summary_Report_Last_Week -->
</testsuite> <!-- Default test -->
