<?xml version="1.0" encoding="UTF-8"?>
<!-- Generated by org.testng.reporters.JUnitXMLReporter -->
<testsuite ignored="13" hostname="INL-JVNGDL3" failures="0" tests="3" name="Default test" time="236.517" errors="0" timestamp="2023-07-20T13:07:02 IST">
  <testcase classname="com.Test.Reports_Sale_Recap_Report" name="Login" time="59.162"/>
  <testcase classname="com.Test.Reports_Sale_Recap_Report" name="Calling" time="170.201"/>
  <testcase classname="com.Test.Reports_Sale_Recap_Report" name="LogOut" time="4.902"/>
  <testcase classname="com.Test.Reports_Sale_Recap_Report" name="Sale_Recap_Report_Today" time="0.0">
    <ignored/>
  </testcase> <!-- Sale_Recap_Report_Today -->
  <testcase classname="com.Test.Reports_Sale_Recap_Report" name="RefreshAndPaginination" time="0.0">
    <ignored/>
  </testcase> <!-- RefreshAndPaginination -->
  <testcase classname="com.Test.Reports_Sale_Recap_Report" name="Sale_Recap_Report_Specific_Date" time="0.0">
    <ignored/>
  </testcase> <!-- Sale_Recap_Report_Specific_Date -->
  <testcase classname="com.Test.Reports_Sale_Recap_Report" name="Sale_Recap_Report_Last_N_Days" time="0.0">
    <ignored/>
  </testcase> <!-- Sale_Recap_Report_Last_N_Days -->
  <testcase classname="com.Test.Reports_Sale_Recap_Report" name="Sale_Recap_Report_This_Month" time="0.0">
    <ignored/>
  </testcase> <!-- Sale_Recap_Report_This_Month -->
  <testcase classname="com.Test.Reports_Sale_Recap_Report" name="Sale_Recap_Report_Last_Month" time="0.0">
    <ignored/>
  </testcase> <!-- Sale_Recap_Report_Last_Month -->
  <testcase classname="com.Test.Reports_Sale_Recap_Report" name="Sale_Recap_Report_Last_7_Days" time="0.0">
    <ignored/>
  </testcase> <!-- Sale_Recap_Report_Last_7_Days -->
  <testcase classname="com.Test.Reports_Sale_Recap_Report" name="Open_Sale_Recap_Report_Page" time="0.0">
    <ignored/>
  </testcase> <!-- Open_Sale_Recap_Report_Page -->
  <testcase classname="com.Test.Reports_Sale_Recap_Report" name="Sale_Recap_Report_Last_Week" time="0.0">
    <ignored/>
  </testcase> <!-- Sale_Recap_Report_Last_Week -->
  <testcase classname="com.Test.Reports_Sale_Recap_Report" name="Sale_Recap_Report_Yesterday" time="0.0">
    <ignored/>
  </testcase> <!-- Sale_Recap_Report_Yesterday -->
  <testcase classname="com.Test.Reports_Sale_Recap_Report" name="Sale_Recap_Report_Date_Range" time="0.0">
    <ignored/>
  </testcase> <!-- Sale_Recap_Report_Date_Range -->
  <testcase classname="com.Test.Reports_Sale_Recap_Report" name="Sale_Recap_Report_This_Week" time="0.0">
    <ignored/>
  </testcase> <!-- Sale_Recap_Report_This_Week -->
  <testcase classname="com.Test.Reports_Sale_Recap_Report" name="Sale_Recap_Report_Last_30_Days" time="0.0">
    <ignored/>
  </testcase> <!-- Sale_Recap_Report_Last_30_Days -->
</testsuite> <!-- Default test -->
