<?xml version="1.0" encoding="UTF-8"?>
<!-- Generated by org.testng.reporters.JUnitXMLReporter -->
<testsuite ignored="11" hostname="INL-JVNGDL3" failures="1" tests="3" name="Default test" time="165.879" errors="0" timestamp="2023-07-21T19:33:56 IST">
  <testcase classname="com.Test.Product_Items_AddEditDelete_DisplayGroups" name="Login" time="39.424"/>
  <testcase classname="com.Test.Product_Items_AddEditDelete_DisplayGroups" name="Calling" time="116.694">
    <failure type="org.openqa.selenium.NoSuchElementException" message="no such element: Unable to locate element: {&amp;quot;method&amp;quot;:&amp;quot;xpath&amp;quot;,&amp;quot;selector&amp;quot;:&amp;quot;//app-time-picker[@name=&amp;apos;startTime&amp;apos;]/div/app-input/div/div/mat-form-field/div/div/div[4]/input&amp;quot;}
  (Session info: chrome=114.0.5735.199)
For documentation on this error, please visit: https://www.selenium.dev/documentation/webdriver/troubleshooting/errors#no-such-element-exception
Build info: version: &amp;apos;4.10.0&amp;apos;, revision: &amp;apos;c14d967899&amp;apos;
System info: os.name: &amp;apos;Windows 10&amp;apos;, os.arch: &amp;apos;amd64&amp;apos;, os.version: &amp;apos;10.0&amp;apos;, java.version: &amp;apos;17.0.6&amp;apos;
Driver info: org.openqa.selenium.chrome.ChromeDriver
Command: [92270a7cb37d0d598c0baa2987bf4e7e, findElement {using=xpath, value=//app-time-picker[@name=&amp;apos;startTime&amp;apos;]/div/app-input/div/div/mat-form-field/div/div/div[4]/input}]
Capabilities {acceptInsecureCerts: false, browserName: chrome, browserVersion: 114.0.5735.199, chrome: {chromedriverVersion: 114.0.5735.90 (386bc09e8f4f..., userDataDir: C:\Users\raja.s\AppData\Loc...}, goog:chromeOptions: {debuggerAddress: localhost:57085}, networkConnectionEnabled: false, pageLoadStrategy: normal, platformName: windows, proxy: Proxy(), se:cdp: ws://localhost:57085/devtoo..., se:cdpVersion: 114.0.5735.199, setWindowRect: true, strictFileInteractability: false, timeouts: {implicit: 0, pageLoad: 300000, script: 30000}, unhandledPromptBehavior: dismiss and notify, webauthn:extension:credBlob: true, webauthn:extension:largeBlob: true, webauthn:extension:minPinLength: true, webauthn:extension:prf: true, webauthn:virtualAuthenticators: true}
Session ID: 92270a7cb37d0d598c0baa2987bf4e7e">
      <![CDATA[org.openqa.selenium.NoSuchElementException: no such element: Unable to locate element: {"method":"xpath","selector":"//app-time-picker[@name='startTime']/div/app-input/div/div/mat-form-field/div/div/div[4]/input"}
  (Session info: chrome=114.0.5735.199)
For documentation on this error, please visit: https://www.selenium.dev/documentation/webdriver/troubleshooting/errors#no-such-element-exception
Build info: version: '4.10.0', revision: 'c14d967899'
System info: os.name: 'Windows 10', os.arch: 'amd64', os.version: '10.0', java.version: '17.0.6'
Driver info: org.openqa.selenium.chrome.ChromeDriver
Command: [92270a7cb37d0d598c0baa2987bf4e7e, findElement {using=xpath, value=//app-time-picker[@name='startTime']/div/app-input/div/div/mat-form-field/div/div/div[4]/input}]
Capabilities {acceptInsecureCerts: false, browserName: chrome, browserVersion: 114.0.5735.199, chrome: {chromedriverVersion: 114.0.5735.90 (386bc09e8f4f..., userDataDir: C:\Users\raja.s\AppData\Loc...}, goog:chromeOptions: {debuggerAddress: localhost:57085}, networkConnectionEnabled: false, pageLoadStrategy: normal, platformName: windows, proxy: Proxy(), se:cdp: ws://localhost:57085/devtoo..., se:cdpVersion: 114.0.5735.199, setWindowRect: true, strictFileInteractability: false, timeouts: {implicit: 0, pageLoad: 300000, script: 30000}, unhandledPromptBehavior: dismiss and notify, webauthn:extension:credBlob: true, webauthn:extension:largeBlob: true, webauthn:extension:minPinLength: true, webauthn:extension:prf: true, webauthn:virtualAuthenticators: true}
Session ID: 92270a7cb37d0d598c0baa2987bf4e7e
at java.base/jdk.internal.reflect.NativeConstructorAccessorImpl.newInstance0(Native Method)
at java.base/jdk.internal.reflect.NativeConstructorAccessorImpl.newInstance(NativeConstructorAccessorImpl.java:77)
at java.base/jdk.internal.reflect.DelegatingConstructorAccessorImpl.newInstance(DelegatingConstructorAccessorImpl.java:45)
at java.base/java.lang.reflect.Constructor.newInstanceWithCaller(Constructor.java:499)
at java.base/java.lang.reflect.Constructor.newInstance(Constructor.java:480)
at org.openqa.selenium.remote.codec.w3c.W3CHttpResponseCodec.createException(W3CHttpResponseCodec.java:199)
at org.openqa.selenium.remote.codec.w3c.W3CHttpResponseCodec.decode(W3CHttpResponseCodec.java:132)
at org.openqa.selenium.remote.codec.w3c.W3CHttpResponseCodec.decode(W3CHttpResponseCodec.java:51)
at org.openqa.selenium.remote.HttpCommandExecutor.execute(HttpCommandExecutor.java:191)
at org.openqa.selenium.remote.service.DriverCommandExecutor.invokeExecute(DriverCommandExecutor.java:196)
at org.openqa.selenium.remote.service.DriverCommandExecutor.execute(DriverCommandExecutor.java:171)
at org.openqa.selenium.remote.RemoteWebDriver.execute(RemoteWebDriver.java:531)
at org.openqa.selenium.remote.ElementLocation$ElementFinder$2.findElement(ElementLocation.java:165)
at org.openqa.selenium.remote.ElementLocation.findElement(ElementLocation.java:59)
at org.openqa.selenium.remote.RemoteWebDriver.findElement(RemoteWebDriver.java:350)
at org.openqa.selenium.remote.RemoteWebDriver.findElement(RemoteWebDriver.java:344)
at org.openqa.selenium.support.pagefactory.DefaultElementLocator.findElement(DefaultElementLocator.java:70)
at org.openqa.selenium.support.pagefactory.internal.LocatingElementHandler.invoke(LocatingElementHandler.java:39)
at jdk.proxy2/jdk.proxy2.$Proxy17.click(Unknown Source)
at com.Pages.Availability_RestrictionTimePage.Enter_RestrictionTime(Availability_RestrictionTimePage.java:228)
at com.Pages.Availability_RestrictionTimePage.Select_DateRange(Availability_RestrictionTimePage.java:702)
at com.Test.Product_Items_AddEditDelete_DisplayGroups.Edit_and_Update_DisplayGroups_DateRange_ZtoA_Sorting(Product_Items_AddEditDelete_DisplayGroups.java:384)
at com.Test.Product_Items_AddEditDelete_DisplayGroups.Calling(Product_Items_AddEditDelete_DisplayGroups.java:124)
at java.base/jdk.internal.reflect.NativeMethodAccessorImpl.invoke0(Native Method)
at java.base/jdk.internal.reflect.NativeMethodAccessorImpl.invoke(NativeMethodAccessorImpl.java:77)
at java.base/jdk.internal.reflect.DelegatingMethodAccessorImpl.invoke(DelegatingMethodAccessorImpl.java:43)
at java.base/java.lang.reflect.Method.invoke(Method.java:568)
at org.testng.internal.MethodInvocationHelper.invokeMethod(MethodInvocationHelper.java:133)
at org.testng.internal.TestInvoker.invokeMethod(TestInvoker.java:598)
at org.testng.internal.TestInvoker.invokeTestMethod(TestInvoker.java:173)
at org.testng.internal.MethodRunner.runInSequence(MethodRunner.java:46)
at org.testng.internal.TestInvoker$MethodInvocationAgent.invoke(TestInvoker.java:824)
at org.testng.internal.TestInvoker.invokeTestMethods(TestInvoker.java:146)
at org.testng.internal.TestMethodWorker.invokeTestMethods(TestMethodWorker.java:146)
at org.testng.internal.TestMethodWorker.run(TestMethodWorker.java:128)
at java.base/java.util.ArrayList.forEach(ArrayList.java:1511)
at org.testng.TestRunner.privateRun(TestRunner.java:794)
at org.testng.TestRunner.run(TestRunner.java:596)
at org.testng.SuiteRunner.runTest(SuiteRunner.java:377)
at org.testng.SuiteRunner.runSequentially(SuiteRunner.java:371)
at org.testng.SuiteRunner.privateRun(SuiteRunner.java:332)
at org.testng.SuiteRunner.run(SuiteRunner.java:276)
at org.testng.SuiteRunnerWorker.runSuite(SuiteRunnerWorker.java:53)
at org.testng.SuiteRunnerWorker.run(SuiteRunnerWorker.java:96)
at org.testng.TestNG.runSuitesSequentially(TestNG.java:1212)
at org.testng.TestNG.runSuitesLocally(TestNG.java:1134)
at org.testng.TestNG.runSuites(TestNG.java:1063)
at org.testng.TestNG.run(TestNG.java:1031)
at org.testng.remote.AbstractRemoteTestNG.run(AbstractRemoteTestNG.java:115)
at org.testng.remote.RemoteTestNG.initAndRun(RemoteTestNG.java:251)
at org.testng.remote.RemoteTestNG.main(RemoteTestNG.java:77)
]]>
    </failure>
  </testcase> <!-- Calling -->
  <testcase classname="com.Test.Product_Items_AddEditDelete_DisplayGroups" name="LogOut" time="7.007"/>
  <testcase classname="com.Test.Product_Items_AddEditDelete_DisplayGroups" name="Edit_Delete_MenuItems_and_Update_DisplayGroups_DateRangeWithTime" time="0.0">
    <ignored/>
  </testcase> <!-- Edit_Delete_MenuItems_and_Update_DisplayGroups_DateRangeWithTime -->
  <testcase classname="com.Test.Product_Items_AddEditDelete_DisplayGroups" name="Delete_and_Active_Inactive_DisplayGroups" time="0.0">
    <ignored/>
  </testcase> <!-- Delete_and_Active_Inactive_DisplayGroups -->
  <testcase classname="com.Test.Product_Items_AddEditDelete_DisplayGroups" name="Edit_and_Update_DisplayGroups_DateRange_ZtoA_Sorting" time="0.0">
    <ignored/>
  </testcase> <!-- Edit_and_Update_DisplayGroups_DateRange_ZtoA_Sorting -->
  <testcase classname="com.Test.Product_Items_AddEditDelete_DisplayGroups" name="Edit_and_Update_DisplayGroups_DaysOfWeek" time="0.0">
    <ignored/>
  </testcase> <!-- Edit_and_Update_DisplayGroups_DaysOfWeek -->
  <testcase classname="com.Test.Product_Items_AddEditDelete_DisplayGroups" name="Edit_and_Update_DisplayGroups_Specific_Date_Custom_Sorting" time="0.0">
    <ignored/>
  </testcase> <!-- Edit_and_Update_DisplayGroups_Specific_Date_Custom_Sorting -->
  <testcase classname="com.Test.Product_Items_AddEditDelete_DisplayGroups" name="Edit_and_Close_Cancel_DisplayGroups" time="0.0">
    <ignored/>
  </testcase> <!-- Edit_and_Close_Cancel_DisplayGroups -->
  <testcase classname="com.Test.Product_Items_AddEditDelete_DisplayGroups" name="Add_DisplayGroups" time="0.0">
    <ignored/>
  </testcase> <!-- Add_DisplayGroups -->
  <testcase classname="com.Test.Product_Items_AddEditDelete_DisplayGroups" name="Open_DisplayGroups_Page" time="0.0">
    <ignored/>
  </testcase> <!-- Open_DisplayGroups_Page -->
  <testcase classname="com.Test.Product_Items_AddEditDelete_DisplayGroups" name="RefreshAndPaginination" time="0.0">
    <ignored/>
  </testcase> <!-- RefreshAndPaginination -->
  <testcase classname="com.Test.Product_Items_AddEditDelete_DisplayGroups" name="Edit_and_Update_DisplayGroups_DaysOfMonth_AtoZ_Sorting" time="0.0">
    <ignored/>
  </testcase> <!-- Edit_and_Update_DisplayGroups_DaysOfMonth_AtoZ_Sorting -->
  <testcase classname="com.Test.Product_Items_AddEditDelete_DisplayGroups" name="Create_DuplicateDisplayGroup" time="0.0">
    <ignored/>
  </testcase> <!-- Create_DuplicateDisplayGroup -->
</testsuite> <!-- Default test -->
