<?xml version="1.0" encoding="UTF-8"?>
<!-- Generated by org.testng.reporters.JUnitXMLReporter -->
<testsuite ignored="18" hostname="INL-JVNGDL3" failures="1" tests="3" name="Default test" time="416.568" errors="0" timestamp="2023-09-26T15:58:39 IST">
  <testcase classname="com.Test.Reports_Comparison_Report" name="Login" time="53.265"/>
  <testcase classname="com.Test.Reports_Comparison_Report" name="Calling" time="353.124">
    <failure type="org.openqa.selenium.ElementClickInterceptedException" message="element click intercepted: Element &amp;lt;button _ngcontent-pfk-c407=&amp;quot;&amp;quot; color=&amp;quot;primary&amp;quot; type=&amp;quot;submit&amp;quot; mat-raised-button=&amp;quot;&amp;quot; class=&amp;quot;mat-focus-indicator mat-raised-button mat-button-base mat-primary&amp;quot;&amp;gt;...&amp;lt;/button&amp;gt; is not clickable at point (1171, 130). Other element would receive the click: &amp;lt;div _ngcontent-pfk-c407=&amp;quot;&amp;quot; class=&amp;quot;col-12&amp;quot;&amp;gt;...&amp;lt;/div&amp;gt;
  (Session info: chrome=116.0.5845.188)
Build info: version: &amp;apos;4.10.0&amp;apos;, revision: &amp;apos;c14d967899&amp;apos;
System info: os.name: &amp;apos;Windows 10&amp;apos;, os.arch: &amp;apos;amd64&amp;apos;, os.version: &amp;apos;10.0&amp;apos;, java.version: &amp;apos;17.0.8&amp;apos;
Driver info: org.openqa.selenium.chrome.ChromeDriver
Command: [30a58f1a7f408bce33a9c8a118ba9687, clickElement {id=14399D2689B133E4F5D91C153E695858_element_301}]
Capabilities {acceptInsecureCerts: false, browserName: chrome, browserVersion: 116.0.5845.188, chrome: {chromedriverVersion: 116.0.5845.96 (1a3918166880..., userDataDir: C:\Users\raja.s\AppData\Loc...}, fedcm:accounts: true, goog:chromeOptions: {debuggerAddress: localhost:50386}, networkConnectionEnabled: false, pageLoadStrategy: normal, platformName: windows, proxy: Proxy(), se:cdp: ws://localhost:50386/devtoo..., se:cdpVersion: 116.0.5845.188, setWindowRect: true, strictFileInteractability: false, timeouts: {implicit: 0, pageLoad: 300000, script: 30000}, unhandledPromptBehavior: dismiss and notify, webauthn:extension:credBlob: true, webauthn:extension:largeBlob: true, webauthn:extension:minPinLength: true, webauthn:extension:prf: true, webauthn:virtualAuthenticators: true}
Element: [[ChromeDriver: chrome on windows (30a58f1a7f408bce33a9c8a118ba9687)] -&amp;gt; xpath: //button[contains(.,&amp;apos;APPLY&amp;apos;)]]
Session ID: 30a58f1a7f408bce33a9c8a118ba9687">
      <![CDATA[org.openqa.selenium.ElementClickInterceptedException: element click intercepted: Element <button _ngcontent-pfk-c407="" color="primary" type="submit" mat-raised-button="" class="mat-focus-indicator mat-raised-button mat-button-base mat-primary">...</button> is not clickable at point (1171, 130). Other element would receive the click: <div _ngcontent-pfk-c407="" class="col-12">...</div>
  (Session info: chrome=116.0.5845.188)
Build info: version: '4.10.0', revision: 'c14d967899'
System info: os.name: 'Windows 10', os.arch: 'amd64', os.version: '10.0', java.version: '17.0.8'
Driver info: org.openqa.selenium.chrome.ChromeDriver
Command: [30a58f1a7f408bce33a9c8a118ba9687, clickElement {id=14399D2689B133E4F5D91C153E695858_element_301}]
Capabilities {acceptInsecureCerts: false, browserName: chrome, browserVersion: 116.0.5845.188, chrome: {chromedriverVersion: 116.0.5845.96 (1a3918166880..., userDataDir: C:\Users\raja.s\AppData\Loc...}, fedcm:accounts: true, goog:chromeOptions: {debuggerAddress: localhost:50386}, networkConnectionEnabled: false, pageLoadStrategy: normal, platformName: windows, proxy: Proxy(), se:cdp: ws://localhost:50386/devtoo..., se:cdpVersion: 116.0.5845.188, setWindowRect: true, strictFileInteractability: false, timeouts: {implicit: 0, pageLoad: 300000, script: 30000}, unhandledPromptBehavior: dismiss and notify, webauthn:extension:credBlob: true, webauthn:extension:largeBlob: true, webauthn:extension:minPinLength: true, webauthn:extension:prf: true, webauthn:virtualAuthenticators: true}
Element: [[ChromeDriver: chrome on windows (30a58f1a7f408bce33a9c8a118ba9687)] -> xpath: //button[contains(.,'APPLY')]]
Session ID: 30a58f1a7f408bce33a9c8a118ba9687
at java.base/jdk.internal.reflect.NativeConstructorAccessorImpl.newInstance0(Native Method)
at java.base/jdk.internal.reflect.NativeConstructorAccessorImpl.newInstance(NativeConstructorAccessorImpl.java:77)
at java.base/jdk.internal.reflect.DelegatingConstructorAccessorImpl.newInstance(DelegatingConstructorAccessorImpl.java:45)
at java.base/java.lang.reflect.Constructor.newInstanceWithCaller(Constructor.java:499)
at java.base/java.lang.reflect.Constructor.newInstance(Constructor.java:480)
at org.openqa.selenium.remote.codec.w3c.W3CHttpResponseCodec.createException(W3CHttpResponseCodec.java:199)
at org.openqa.selenium.remote.codec.w3c.W3CHttpResponseCodec.decode(W3CHttpResponseCodec.java:132)
at org.openqa.selenium.remote.codec.w3c.W3CHttpResponseCodec.decode(W3CHttpResponseCodec.java:51)
at org.openqa.selenium.remote.HttpCommandExecutor.execute(HttpCommandExecutor.java:191)
at org.openqa.selenium.remote.service.DriverCommandExecutor.invokeExecute(DriverCommandExecutor.java:196)
at org.openqa.selenium.remote.service.DriverCommandExecutor.execute(DriverCommandExecutor.java:171)
at org.openqa.selenium.remote.RemoteWebDriver.execute(RemoteWebDriver.java:531)
at org.openqa.selenium.remote.RemoteWebElement.execute(RemoteWebElement.java:242)
at org.openqa.selenium.remote.RemoteWebElement.click(RemoteWebElement.java:77)
at jdk.internal.reflect.GeneratedMethodAccessor1.invoke(Unknown Source)
at java.base/jdk.internal.reflect.DelegatingMethodAccessorImpl.invoke(DelegatingMethodAccessorImpl.java:43)
at java.base/java.lang.reflect.Method.invoke(Method.java:568)
at org.openqa.selenium.support.pagefactory.internal.LocatingElementHandler.invoke(LocatingElementHandler.java:52)
at jdk.proxy2/jdk.proxy2.$Proxy17.click(Unknown Source)
at com.Pages.ReportsPage.Click_ApplyButton(ReportsPage.java:133)
at com.Test.Reports_Comparison_Report.Comparison_Sale_Report_Comp1_DateRange_Comp2_DateRange_Comp3_DateRange_Comp4_DateRange(Reports_Comparison_Report.java:1504)
at com.Test.Reports_Comparison_Report.Calling(Reports_Comparison_Report.java:134)
at java.base/jdk.internal.reflect.NativeMethodAccessorImpl.invoke0(Native Method)
at java.base/jdk.internal.reflect.NativeMethodAccessorImpl.invoke(NativeMethodAccessorImpl.java:77)
at java.base/jdk.internal.reflect.DelegatingMethodAccessorImpl.invoke(DelegatingMethodAccessorImpl.java:43)
at java.base/java.lang.reflect.Method.invoke(Method.java:568)
at org.testng.internal.invokers.MethodInvocationHelper.invokeMethod(MethodInvocationHelper.java:139)
at org.testng.internal.invokers.TestInvoker.invokeMethod(TestInvoker.java:664)
at org.testng.internal.invokers.TestInvoker.invokeTestMethod(TestInvoker.java:227)
at org.testng.internal.invokers.MethodRunner.runInSequence(MethodRunner.java:50)
at org.testng.internal.invokers.TestInvoker$MethodInvocationAgent.invoke(TestInvoker.java:957)
at org.testng.internal.invokers.TestInvoker.invokeTestMethods(TestInvoker.java:200)
at org.testng.internal.invokers.TestMethodWorker.invokeTestMethods(TestMethodWorker.java:148)
at org.testng.internal.invokers.TestMethodWorker.run(TestMethodWorker.java:128)
at java.base/java.util.ArrayList.forEach(ArrayList.java:1511)
at org.testng.TestRunner.privateRun(TestRunner.java:848)
at org.testng.TestRunner.run(TestRunner.java:621)
at org.testng.SuiteRunner.runTest(SuiteRunner.java:443)
at org.testng.SuiteRunner.runSequentially(SuiteRunner.java:437)
at org.testng.SuiteRunner.privateRun(SuiteRunner.java:397)
at org.testng.SuiteRunner.run(SuiteRunner.java:336)
at org.testng.SuiteRunnerWorker.runSuite(SuiteRunnerWorker.java:52)
at org.testng.SuiteRunnerWorker.run(SuiteRunnerWorker.java:95)
at org.testng.TestNG.runSuitesSequentially(TestNG.java:1280)
at org.testng.TestNG.runSuitesLocally(TestNG.java:1200)
at org.testng.TestNG.runSuites(TestNG.java:1114)
at org.testng.TestNG.run(TestNG.java:1082)
at org.testng.remote.AbstractRemoteTestNG.run(AbstractRemoteTestNG.java:115)
at org.testng.remote.RemoteTestNG.initAndRun(RemoteTestNG.java:251)
at org.testng.remote.RemoteTestNG.main(RemoteTestNG.java:77)
]]>
    </failure>
  </testcase> <!-- Calling -->
  <testcase classname="com.Test.Reports_Comparison_Report" name="LogOut" time="7.084"/>
  <testcase classname="com.Test.Reports_Comparison_Report" name="RefreshAndPaginination" time="0.0">
    <ignored/>
  </testcase> <!-- RefreshAndPaginination -->
  <testcase classname="com.Test.Reports_Comparison_Report" name="Comparison_Sale_Report_Comp1_SpecificDate_Comp2_SpecificDate_Comp3_SpecificDate_Comp4_SpecificDate" time="0.0">
    <ignored/>
  </testcase> <!-- Comparison_Sale_Report_Comp1_SpecificDate_Comp2_SpecificDate_Comp3_SpecificDate_Comp4_SpecificDate -->
  <testcase classname="com.Test.Reports_Comparison_Report" name="Comparison_Sale_Report_Comp1_Today_Comp2_Last_Month" time="0.0">
    <ignored/>
  </testcase> <!-- Comparison_Sale_Report_Comp1_Today_Comp2_Last_Month -->
  <testcase classname="com.Test.Reports_Comparison_Report" name="Comparison_Sale_Report_Comp1_DateRange_Comp2_DateRange_Comp3_DateRange_Comp4_DateRange" time="0.0">
    <ignored/>
  </testcase> <!-- Comparison_Sale_Report_Comp1_DateRange_Comp2_DateRange_Comp3_DateRange_Comp4_DateRange -->
  <testcase classname="com.Test.Reports_Comparison_Report" name="Comparison_Sale_Report_Comp1_Today_Comp2_Specific_Date" time="0.0">
    <ignored/>
  </testcase> <!-- Comparison_Sale_Report_Comp1_Today_Comp2_Specific_Date -->
  <testcase classname="com.Test.Reports_Comparison_Report" name="Comparison_Sale_Report_Comp1_Today_Comp2_This_Week" time="0.0">
    <ignored/>
  </testcase> <!-- Comparison_Sale_Report_Comp1_Today_Comp2_This_Week -->
  <testcase classname="com.Test.Reports_Comparison_Report" name="Comparison_Sale_Report_Comp1_Today_Comp2_Last_N_Days" time="0.0">
    <ignored/>
  </testcase> <!-- Comparison_Sale_Report_Comp1_Today_Comp2_Last_N_Days -->
  <testcase classname="com.Test.Reports_Comparison_Report" name="Comparison_Sale_Report_Comp1_Today_Comp2_This_Month" time="0.0">
    <ignored/>
  </testcase> <!-- Comparison_Sale_Report_Comp1_Today_Comp2_This_Month -->
  <testcase classname="com.Test.Reports_Comparison_Report" name="Comparison_Sale_Report_Comp1_Today_Comp2_Last_Week" time="0.0">
    <ignored/>
  </testcase> <!-- Comparison_Sale_Report_Comp1_Today_Comp2_Last_Week -->
  <testcase classname="com.Test.Reports_Comparison_Report" name="Open_Comparison_Report_Page" time="0.0">
    <ignored/>
  </testcase> <!-- Open_Comparison_Report_Page -->
  <testcase classname="com.Test.Reports_Comparison_Report" name="Comparison_Sale_Report_Comp1_Today_Comp2_Date_Range" time="0.0">
    <ignored/>
  </testcase> <!-- Comparison_Sale_Report_Comp1_Today_Comp2_Date_Range -->
  <testcase classname="com.Test.Reports_Comparison_Report" name="Comparison_Sale_Report_Comp1_Today_Comp2_Last_7_Days" time="0.0">
    <ignored/>
  </testcase> <!-- Comparison_Sale_Report_Comp1_Today_Comp2_Last_7_Days -->
  <testcase classname="com.Test.Reports_Comparison_Report" name="Comparison_Sale_Report_Comp1_SpecificDate_Comp2_SpecificDate_Comp3_SpecificDate" time="0.0">
    <ignored/>
  </testcase> <!-- Comparison_Sale_Report_Comp1_SpecificDate_Comp2_SpecificDate_Comp3_SpecificDate -->
  <testcase classname="com.Test.Reports_Comparison_Report" name="Comparison_Sale_Report_Comp1_SpecificDate_Comp2_SpecificDate" time="0.0">
    <ignored/>
  </testcase> <!-- Comparison_Sale_Report_Comp1_SpecificDate_Comp2_SpecificDate -->
  <testcase classname="com.Test.Reports_Comparison_Report" name="Comparison_Sale_Report_Comp1_DateRange_Comp2_DateRange" time="0.0">
    <ignored/>
  </testcase> <!-- Comparison_Sale_Report_Comp1_DateRange_Comp2_DateRange -->
  <testcase classname="com.Test.Reports_Comparison_Report" name="Comparison_Sale_Report_Comp1_Today_Comp2_Yesterday" time="0.0">
    <ignored/>
  </testcase> <!-- Comparison_Sale_Report_Comp1_Today_Comp2_Yesterday -->
  <testcase classname="com.Test.Reports_Comparison_Report" name="Comparison_Sale_Report_Comp1_Today_Comp2_Last_30_days" time="0.0">
    <ignored/>
  </testcase> <!-- Comparison_Sale_Report_Comp1_Today_Comp2_Last_30_days -->
  <testcase classname="com.Test.Reports_Comparison_Report" name="Comparison_Sale_Report_Comp1_DateRange_Comp2_DateRange_Comp3_DateRange" time="0.0">
    <ignored/>
  </testcase> <!-- Comparison_Sale_Report_Comp1_DateRange_Comp2_DateRange_Comp3_DateRange -->
</testsuite> <!-- Default test -->
