<?xml version="1.0" encoding="UTF-8"?>
<!-- Generated by org.testng.reporters.JUnitXMLReporter -->
<testsuite ignored="9" hostname="INL-JVNGDL3" failures="1" tests="3" name="Default test" time="148.702" errors="0" timestamp="2023-07-06T13:17:08 IST">
  <testcase classname="com.Test.Customers_House_Accounts" name="Login" time="48.494"/>
  <testcase classname="com.Test.Customers_House_Accounts" name="Calling" time="93.491">
    <failure type="org.openqa.selenium.ElementClickInterceptedException" message="element click intercepted: Element &amp;lt;input _ngcontent-mow-c279=&amp;quot;&amp;quot; readonly=&amp;quot;true&amp;quot; type=&amp;quot;text&amp;quot; matinput=&amp;quot;&amp;quot; class=&amp;quot;mat-input-element mat-form-field-autofill-control ng-tns-c87-20 ng-untouched ng-pristine ng-invalid cdk-text-field-autofill-monitored&amp;quot; required=&amp;quot;&amp;quot; id=&amp;quot;mat-input-3&amp;quot; data-placeholder=&amp;quot;&amp;quot; aria-required=&amp;quot;true&amp;quot;&amp;gt; is not clickable at point (560, 83). Other element would receive the click: &amp;lt;div _ngcontent-mow-c383=&amp;quot;&amp;quot; class=&amp;quot;row header-row header-sticky&amp;quot;&amp;gt;...&amp;lt;/div&amp;gt;
  (Session info: chrome=114.0.5735.199)
Build info: version: &amp;apos;4.4.0&amp;apos;, revision: &amp;apos;e5c75ed026a&amp;apos;
System info: host: &amp;apos;INL-JVNGDL3&amp;apos;, ip: &amp;apos;10.10.122.131&amp;apos;, os.name: &amp;apos;Windows 10&amp;apos;, os.arch: &amp;apos;amd64&amp;apos;, os.version: &amp;apos;10.0&amp;apos;, java.version: &amp;apos;17.0.6&amp;apos;
Driver info: org.openqa.selenium.chrome.ChromeDriver
Command: [db564a6eb0acdefe479db20b4c2995e0, clickElement {id=E5777C07B7DF7FCBAC55C91722DD7A59_element_461}]
Capabilities {acceptInsecureCerts: false, browserName: chrome, browserVersion: 114.0.5735.199, chrome: {chromedriverVersion: 114.0.5735.90 (386bc09e8f4f..., userDataDir: C:\Users\raja.s\AppData\Loc...}, goog:chromeOptions: {debuggerAddress: localhost:58443}, networkConnectionEnabled: false, pageLoadStrategy: normal, platformName: WINDOWS, proxy: Proxy(), se:cdp: ws://localhost:58443/devtoo..., se:cdpVersion: 114.0.5735.199, setWindowRect: true, strictFileInteractability: false, timeouts: {implicit: 0, pageLoad: 300000, script: 30000}, unhandledPromptBehavior: dismiss and notify, webauthn:extension:credBlob: true, webauthn:extension:largeBlob: true, webauthn:extension:minPinLength: true, webauthn:extension:prf: true, webauthn:virtualAuthenticators: true}
Element: [[ChromeDriver: chrome on WINDOWS (db564a6eb0acdefe479db20b4c2995e0)] -&amp;gt; xpath: //label[contains(.,&amp;apos;Select Customer&amp;apos;)]/../../input]
Session ID: db564a6eb0acdefe479db20b4c2995e0">
      <![CDATA[org.openqa.selenium.ElementClickInterceptedException: element click intercepted: Element <input _ngcontent-mow-c279="" readonly="true" type="text" matinput="" class="mat-input-element mat-form-field-autofill-control ng-tns-c87-20 ng-untouched ng-pristine ng-invalid cdk-text-field-autofill-monitored" required="" id="mat-input-3" data-placeholder="" aria-required="true"> is not clickable at point (560, 83). Other element would receive the click: <div _ngcontent-mow-c383="" class="row header-row header-sticky">...</div>
  (Session info: chrome=114.0.5735.199)
Build info: version: '4.4.0', revision: 'e5c75ed026a'
System info: host: 'INL-JVNGDL3', ip: '10.10.122.131', os.name: 'Windows 10', os.arch: 'amd64', os.version: '10.0', java.version: '17.0.6'
Driver info: org.openqa.selenium.chrome.ChromeDriver
Command: [db564a6eb0acdefe479db20b4c2995e0, clickElement {id=E5777C07B7DF7FCBAC55C91722DD7A59_element_461}]
Capabilities {acceptInsecureCerts: false, browserName: chrome, browserVersion: 114.0.5735.199, chrome: {chromedriverVersion: 114.0.5735.90 (386bc09e8f4f..., userDataDir: C:\Users\raja.s\AppData\Loc...}, goog:chromeOptions: {debuggerAddress: localhost:58443}, networkConnectionEnabled: false, pageLoadStrategy: normal, platformName: WINDOWS, proxy: Proxy(), se:cdp: ws://localhost:58443/devtoo..., se:cdpVersion: 114.0.5735.199, setWindowRect: true, strictFileInteractability: false, timeouts: {implicit: 0, pageLoad: 300000, script: 30000}, unhandledPromptBehavior: dismiss and notify, webauthn:extension:credBlob: true, webauthn:extension:largeBlob: true, webauthn:extension:minPinLength: true, webauthn:extension:prf: true, webauthn:virtualAuthenticators: true}
Element: [[ChromeDriver: chrome on WINDOWS (db564a6eb0acdefe479db20b4c2995e0)] -> xpath: //label[contains(.,'Select Customer')]/../../input]
Session ID: db564a6eb0acdefe479db20b4c2995e0
at java.base/jdk.internal.reflect.NativeConstructorAccessorImpl.newInstance0(Native Method)
at java.base/jdk.internal.reflect.NativeConstructorAccessorImpl.newInstance(NativeConstructorAccessorImpl.java:77)
at java.base/jdk.internal.reflect.DelegatingConstructorAccessorImpl.newInstance(DelegatingConstructorAccessorImpl.java:45)
at java.base/java.lang.reflect.Constructor.newInstanceWithCaller(Constructor.java:499)
at java.base/java.lang.reflect.Constructor.newInstance(Constructor.java:480)
at org.openqa.selenium.remote.codec.w3c.W3CHttpResponseCodec.createException(W3CHttpResponseCodec.java:200)
at org.openqa.selenium.remote.codec.w3c.W3CHttpResponseCodec.decode(W3CHttpResponseCodec.java:133)
at org.openqa.selenium.remote.codec.w3c.W3CHttpResponseCodec.decode(W3CHttpResponseCodec.java:53)
at org.openqa.selenium.remote.HttpCommandExecutor.execute(HttpCommandExecutor.java:184)
at org.openqa.selenium.remote.service.DriverCommandExecutor.invokeExecute(DriverCommandExecutor.java:167)
at org.openqa.selenium.remote.service.DriverCommandExecutor.execute(DriverCommandExecutor.java:142)
at org.openqa.selenium.remote.RemoteWebDriver.execute(RemoteWebDriver.java:547)
at org.openqa.selenium.remote.RemoteWebElement.execute(RemoteWebElement.java:257)
at org.openqa.selenium.remote.RemoteWebElement.click(RemoteWebElement.java:78)
at java.base/jdk.internal.reflect.NativeMethodAccessorImpl.invoke0(Native Method)
at java.base/jdk.internal.reflect.NativeMethodAccessorImpl.invoke(NativeMethodAccessorImpl.java:77)
at java.base/jdk.internal.reflect.DelegatingMethodAccessorImpl.invoke(DelegatingMethodAccessorImpl.java:43)
at java.base/java.lang.reflect.Method.invoke(Method.java:568)
at org.openqa.selenium.support.pagefactory.internal.LocatingElementHandler.invoke(LocatingElementHandler.java:52)
at jdk.proxy2/jdk.proxy2.$Proxy16.click(Unknown Source)
at com.Pages.Common_XPaths.Click_DropDown_withSearchText(Common_XPaths.java:1239)
at com.Pages.CustomersPage.Select_Customer_withName(CustomersPage.java:82)
at com.Test.Customers_House_Accounts.Add_New_House_Account(Customers_House_Accounts.java:293)
at com.Test.Customers_House_Accounts.Calling(Customers_House_Accounts.java:116)
at java.base/jdk.internal.reflect.NativeMethodAccessorImpl.invoke0(Native Method)
at java.base/jdk.internal.reflect.NativeMethodAccessorImpl.invoke(NativeMethodAccessorImpl.java:77)
at java.base/jdk.internal.reflect.DelegatingMethodAccessorImpl.invoke(DelegatingMethodAccessorImpl.java:43)
at java.base/java.lang.reflect.Method.invoke(Method.java:568)
at org.testng.internal.MethodInvocationHelper.invokeMethod(MethodInvocationHelper.java:133)
at org.testng.internal.TestInvoker.invokeMethod(TestInvoker.java:598)
at org.testng.internal.TestInvoker.invokeTestMethod(TestInvoker.java:173)
at org.testng.internal.MethodRunner.runInSequence(MethodRunner.java:46)
at org.testng.internal.TestInvoker$MethodInvocationAgent.invoke(TestInvoker.java:824)
at org.testng.internal.TestInvoker.invokeTestMethods(TestInvoker.java:146)
at org.testng.internal.TestMethodWorker.invokeTestMethods(TestMethodWorker.java:146)
at org.testng.internal.TestMethodWorker.run(TestMethodWorker.java:128)
at java.base/java.util.ArrayList.forEach(ArrayList.java:1511)
at org.testng.TestRunner.privateRun(TestRunner.java:794)
at org.testng.TestRunner.run(TestRunner.java:596)
at org.testng.SuiteRunner.runTest(SuiteRunner.java:377)
at org.testng.SuiteRunner.runSequentially(SuiteRunner.java:371)
at org.testng.SuiteRunner.privateRun(SuiteRunner.java:332)
at org.testng.SuiteRunner.run(SuiteRunner.java:276)
at org.testng.SuiteRunnerWorker.runSuite(SuiteRunnerWorker.java:53)
at org.testng.SuiteRunnerWorker.run(SuiteRunnerWorker.java:96)
at org.testng.TestNG.runSuitesSequentially(TestNG.java:1212)
at org.testng.TestNG.runSuitesLocally(TestNG.java:1134)
at org.testng.TestNG.runSuites(TestNG.java:1063)
at org.testng.TestNG.run(TestNG.java:1031)
at org.testng.remote.AbstractRemoteTestNG.run(AbstractRemoteTestNG.java:115)
at org.testng.remote.RemoteTestNG.initAndRun(RemoteTestNG.java:251)
at org.testng.remote.RemoteTestNG.main(RemoteTestNG.java:77)
]]>
    </failure>
  </testcase> <!-- Calling -->
  <testcase classname="com.Test.Customers_House_Accounts" name="LogOut" time="3.808"/>
  <testcase classname="com.Test.Customers_House_Accounts" name="Add_New_House_Account" time="0.0">
    <ignored/>
  </testcase> <!-- Add_New_House_Account -->
  <testcase classname="com.Test.Customers_House_Accounts" name="Open_House_Account_Page" time="0.0">
    <ignored/>
  </testcase> <!-- Open_House_Account_Page -->
  <testcase classname="com.Test.Customers_House_Accounts" name="Create_Duplicate_House_Account" time="0.0">
    <ignored/>
  </testcase> <!-- Create_Duplicate_House_Account -->
  <testcase classname="com.Test.Customers_House_Accounts" name="Delete_and_Active_Inactive_House_Account" time="0.0">
    <ignored/>
  </testcase> <!-- Delete_and_Active_Inactive_House_Account -->
  <testcase classname="com.Test.Customers_House_Accounts" name="Edit_and_Update_House_Account_Weekly_Period" time="0.0">
    <ignored/>
  </testcase> <!-- Edit_and_Update_House_Account_Weekly_Period -->
  <testcase classname="com.Test.Customers_House_Accounts" name="RefreshAndPaginination_ColumnFilteration" time="0.0">
    <ignored/>
  </testcase> <!-- RefreshAndPaginination_ColumnFilteration -->
  <testcase classname="com.Test.Customers_House_Accounts" name="Edit_and_Close_Cancel_House_Account" time="0.0">
    <ignored/>
  </testcase> <!-- Edit_and_Close_Cancel_House_Account -->
  <testcase classname="com.Test.Customers_House_Accounts" name="Edit_and_Update_House_Account_Monthly_Period" time="0.0">
    <ignored/>
  </testcase> <!-- Edit_and_Update_House_Account_Monthly_Period -->
  <testcase classname="com.Test.Customers_House_Accounts" name="Edit_and_Update_House_Account_Daily_Period" time="0.0">
    <ignored/>
  </testcase> <!-- Edit_and_Update_House_Account_Daily_Period -->
</testsuite> <!-- Default test -->
