<?xml version="1.0" encoding="UTF-8"?>
<!-- Generated by org.testng.reporters.JUnitXMLReporter -->
<testsuite ignored="13" hostname="INL-JVNGDL3" failures="0" tests="3" name="Default test" time="160.244" errors="0" timestamp="2023-04-10T14:48:22 IST">
  <testcase classname="com.Test.Reports_Daily_Sale_Report" name="Login" time="51.615"/>
  <testcase classname="com.Test.Reports_Daily_Sale_Report" name="Calling" time="106.172"/>
  <testcase classname="com.Test.Reports_Daily_Sale_Report" name="LogOut" time="0.233"/>
  <testcase classname="com.Test.Reports_Daily_Sale_Report" name="Open_Daily_Sale_Report_Page" time="0.0">
    <ignored/>
  </testcase> <!-- Open_Daily_Sale_Report_Page -->
  <testcase classname="com.Test.Reports_Daily_Sale_Report" name="Daily_Sale_Report_Last_7_Days" time="0.0">
    <ignored/>
  </testcase> <!-- Daily_Sale_Report_Last_7_Days -->
  <testcase classname="com.Test.Reports_Daily_Sale_Report" name="RefreshAndPaginination" time="0.0">
    <ignored/>
  </testcase> <!-- RefreshAndPaginination -->
  <testcase classname="com.Test.Reports_Daily_Sale_Report" name="Daily_Sale_Report_Date_Range" time="0.0">
    <ignored/>
  </testcase> <!-- Daily_Sale_Report_Date_Range -->
  <testcase classname="com.Test.Reports_Daily_Sale_Report" name="Daily_Sale_Report_Today" time="0.0">
    <ignored/>
  </testcase> <!-- Daily_Sale_Report_Today -->
  <testcase classname="com.Test.Reports_Daily_Sale_Report" name="Daily_Sale_Report_Specific_Date" time="0.0">
    <ignored/>
  </testcase> <!-- Daily_Sale_Report_Specific_Date -->
  <testcase classname="com.Test.Reports_Daily_Sale_Report" name="Daily_Sale_Report_This_Week" time="0.0">
    <ignored/>
  </testcase> <!-- Daily_Sale_Report_This_Week -->
  <testcase classname="com.Test.Reports_Daily_Sale_Report" name="Daily_Sale_Report_Last_Week" time="0.0">
    <ignored/>
  </testcase> <!-- Daily_Sale_Report_Last_Week -->
  <testcase classname="com.Test.Reports_Daily_Sale_Report" name="Daily_Sale_Report_This_Month" time="0.0">
    <ignored/>
  </testcase> <!-- Daily_Sale_Report_This_Month -->
  <testcase classname="com.Test.Reports_Daily_Sale_Report" name="Daily_Sale_Report_Last_Month" time="0.0">
    <ignored/>
  </testcase> <!-- Daily_Sale_Report_Last_Month -->
  <testcase classname="com.Test.Reports_Daily_Sale_Report" name="Daily_Sale_Report_Last_N_Days" time="0.0">
    <ignored/>
  </testcase> <!-- Daily_Sale_Report_Last_N_Days -->
  <testcase classname="com.Test.Reports_Daily_Sale_Report" name="Daily_Sale_Report_Yesterday" time="0.0">
    <ignored/>
  </testcase> <!-- Daily_Sale_Report_Yesterday -->
  <testcase classname="com.Test.Reports_Daily_Sale_Report" name="Daily_Sale_Report_Last_30_Days" time="0.0">
    <ignored/>
  </testcase> <!-- Daily_Sale_Report_Last_30_Days -->
</testsuite> <!-- Default test -->
