<?xml version="1.0" encoding="UTF-8"?>
<!-- Generated by org.testng.reporters.JUnitXMLReporter -->
<testsuite ignored="4" hostname="INL-JVNGDL3" failures="0" tests="3" name="Default test" time="161.569" errors="0" timestamp="2023-07-20T19:33:40 IST">
  <testcase classname="com.Test.Product_Items_Sort_Menu_Config" name="Login" time="51.594"/>
  <testcase classname="com.Test.Product_Items_Sort_Menu_Config" name="Calling" time="103.907"/>
  <testcase classname="com.Test.Product_Items_Sort_Menu_Config" name="LogOut" time="3.78"/>
  <testcase classname="com.Test.Product_Items_Sort_Menu_Config" name="Category_Navigating" time="0.0">
    <ignored/>
  </testcase> <!-- Category_Navigating -->
  <testcase classname="com.Test.Product_Items_Sort_Menu_Config" name="Sort_MenuItem" time="0.0">
    <ignored/>
  </testcase> <!-- Sort_MenuItem -->
  <testcase classname="com.Test.Product_Items_Sort_Menu_Config" name="Open_Sort_Menu_Config_Page" time="0.0">
    <ignored/>
  </testcase> <!-- Open_Sort_Menu_Config_Page -->
  <testcase classname="com.Test.Product_Items_Sort_Menu_Config" name="Sort_Categories" time="0.0">
    <ignored/>
  </testcase> <!-- Sort_Categories -->
</testsuite> <!-- Default test -->
