<?xml version="1.0" encoding="UTF-8"?>
<testng-results ignored="4" total="7" passed="3" failed="0" skipped="0">
  <reporter-output>
  </reporter-output>
  <suite started-at="2023-07-20T19:30:58 IST" name="Default suite" finished-at="2023-07-20T19:33:40 IST" duration-ms="161569">
    <groups>
    </groups>
    <test started-at="2023-07-20T19:30:58 IST" name="Default test" finished-at="2023-07-20T19:33:40 IST" duration-ms="161569">
      <class name="com.Test.Product_Items_Sort_Menu_Config">
        <test-method signature="Login()[pri:1, instance:com.Test.Product_Items_Sort_Menu_Config@13b3d178]" started-at="2023-07-20T19:30:58 IST" name="Login" finished-at="2023-07-20T19:31:50 IST" duration-ms="51594" status="PASS">
          <reporter-output>
          </reporter-output>
        </test-method> <!-- Login -->
        <test-method is-config="true" signature="TestFail(org.testng.ITestResult)[pri:0, instance:com.Test.Product_Items_Sort_Menu_Config@13b3d178]" started-at="2023-07-20T19:31:50 IST" name="TestFail" finished-at="2023-07-20T19:31:50 IST" duration-ms="5" status="PASS">
          <params>
            <param index="0">
              <value>
                <![CDATA[[TestResult name=Login status=SUCCESS method=Product_Items_Sort_Menu_Config.Login()[pri:1, instance:com.Test.Product_Items_Sort_Menu_Config@13b3d178] output={null}]]]>
              </value>
            </param>
          </params>
          <reporter-output>
          </reporter-output>
        </test-method> <!-- TestFail -->
        <test-method signature="Calling()[pri:2, instance:com.Test.Product_Items_Sort_Menu_Config@13b3d178]" started-at="2023-07-20T19:31:50 IST" name="Calling" finished-at="2023-07-20T19:33:34 IST" duration-ms="103907" status="PASS">
          <reporter-output>
          </reporter-output>
        </test-method> <!-- Calling -->
        <test-method is-config="true" signature="TestFail(org.testng.ITestResult)[pri:0, instance:com.Test.Product_Items_Sort_Menu_Config@13b3d178]" started-at="2023-07-20T19:33:34 IST" name="TestFail" finished-at="2023-07-20T19:33:34 IST" duration-ms="0" status="PASS">
          <params>
            <param index="0">
              <value>
                <![CDATA[[TestResult name=Calling status=SUCCESS method=Product_Items_Sort_Menu_Config.Calling()[pri:2, instance:com.Test.Product_Items_Sort_Menu_Config@13b3d178] output={null}]]]>
              </value>
            </param>
          </params>
          <reporter-output>
          </reporter-output>
        </test-method> <!-- TestFail -->
        <test-method signature="LogOut()[pri:50, instance:com.Test.Product_Items_Sort_Menu_Config@13b3d178]" started-at="2023-07-20T19:33:34 IST" name="LogOut" finished-at="2023-07-20T19:33:38 IST" duration-ms="3780" status="PASS">
          <reporter-output>
          </reporter-output>
        </test-method> <!-- LogOut -->
        <test-method is-config="true" signature="TestFail(org.testng.ITestResult)[pri:0, instance:com.Test.Product_Items_Sort_Menu_Config@13b3d178]" started-at="2023-07-20T19:33:38 IST" name="TestFail" finished-at="2023-07-20T19:33:38 IST" duration-ms="0" status="PASS">
          <params>
            <param index="0">
              <value>
                <![CDATA[[TestResult name=LogOut status=SUCCESS method=Product_Items_Sort_Menu_Config.LogOut()[pri:50, instance:com.Test.Product_Items_Sort_Menu_Config@13b3d178] output={null}]]]>
              </value>
            </param>
          </params>
          <reporter-output>
          </reporter-output>
        </test-method> <!-- TestFail -->
        <test-method is-config="true" signature="flushTest()[pri:0, instance:com.Test.Product_Items_Sort_Menu_Config@13b3d178]" started-at="2023-07-20T19:33:38 IST" name="flushTest" finished-at="2023-07-20T19:33:40 IST" duration-ms="2246" status="PASS">
          <reporter-output>
          </reporter-output>
        </test-method> <!-- flushTest -->
      </class> <!-- com.Test.Product_Items_Sort_Menu_Config -->
    </test> <!-- Default test -->
  </suite> <!-- Default suite -->
</testng-results>
