<?xml version="1.0" encoding="UTF-8"?>
<testng-results ignored="0" total="3" passed="3" failed="0" skipped="0">
  <reporter-output>
  </reporter-output>
  <suite started-at="2023-11-09T15:07:26 IST" name="Default suite" finished-at="2023-11-09T15:10:52 IST" duration-ms="206092">
    <groups>
    </groups>
    <test started-at="2023-11-09T15:07:26 IST" name="Default test" finished-at="2023-11-09T15:10:52 IST" duration-ms="206092">
      <class name="com.Test.Dashboard_KDS_Old_BO">
        <test-method signature="Login()[pri:1, instance:com.Test.Dashboard_KDS_Old_BO@7c137fd5]" started-at="2023-11-09T15:07:26 IST" name="Login" finished-at="2023-11-09T15:10:33 IST" duration-ms="187040" status="PASS">
          <reporter-output>
          </reporter-output>
        </test-method> <!-- Login -->
        <test-method is-config="true" signature="TestFail(org.testng.ITestResult)[pri:0, instance:com.Test.Dashboard_KDS_Old_BO@7c137fd5]" started-at="2023-11-09T15:10:33 IST" name="TestFail" finished-at="2023-11-09T15:10:33 IST" duration-ms="6" status="PASS">
          <params>
            <param index="0">
              <value>
                <![CDATA[[TestResult name=Login status=SUCCESS method=Dashboard_KDS_Old_BO.Login()[pri:1, instance:com.Test.Dashboard_KDS_Old_BO@7c137fd5] output={null}]]]>
              </value>
            </param>
          </params>
          <reporter-output>
          </reporter-output>
        </test-method> <!-- TestFail -->
        <test-method signature="Calling()[pri:2, instance:com.Test.Dashboard_KDS_Old_BO@7c137fd5]" started-at="2023-11-09T15:10:33 IST" name="Calling" finished-at="2023-11-09T15:10:44 IST" duration-ms="10325" status="PASS">
          <reporter-output>
          </reporter-output>
        </test-method> <!-- Calling -->
        <test-method is-config="true" signature="TestFail(org.testng.ITestResult)[pri:0, instance:com.Test.Dashboard_KDS_Old_BO@7c137fd5]" started-at="2023-11-09T15:10:44 IST" name="TestFail" finished-at="2023-11-09T15:10:44 IST" duration-ms="1" status="PASS">
          <params>
            <param index="0">
              <value>
                <![CDATA[[TestResult name=Calling status=SUCCESS method=Dashboard_KDS_Old_BO.Calling()[pri:2, instance:com.Test.Dashboard_KDS_Old_BO@7c137fd5] output={null}]]]>
              </value>
            </param>
          </params>
          <reporter-output>
          </reporter-output>
        </test-method> <!-- TestFail -->
        <test-method signature="LogOut()[pri:50, instance:com.Test.Dashboard_KDS_Old_BO@7c137fd5]" started-at="2023-11-09T15:10:44 IST" name="LogOut" finished-at="2023-11-09T15:10:50 IST" duration-ms="6343" status="PASS">
          <reporter-output>
          </reporter-output>
        </test-method> <!-- LogOut -->
        <test-method is-config="true" signature="TestFail(org.testng.ITestResult)[pri:0, instance:com.Test.Dashboard_KDS_Old_BO@7c137fd5]" started-at="2023-11-09T15:10:50 IST" name="TestFail" finished-at="2023-11-09T15:10:50 IST" duration-ms="1" status="PASS">
          <params>
            <param index="0">
              <value>
                <![CDATA[[TestResult name=LogOut status=SUCCESS method=Dashboard_KDS_Old_BO.LogOut()[pri:50, instance:com.Test.Dashboard_KDS_Old_BO@7c137fd5] output={null}]]]>
              </value>
            </param>
          </params>
          <reporter-output>
          </reporter-output>
        </test-method> <!-- TestFail -->
        <test-method is-config="true" signature="flushTest()[pri:0, instance:com.Test.Dashboard_KDS_Old_BO@7c137fd5]" started-at="2023-11-09T15:10:50 IST" name="flushTest" finished-at="2023-11-09T15:10:52 IST" duration-ms="2270" status="PASS">
          <reporter-output>
          </reporter-output>
        </test-method> <!-- flushTest -->
      </class> <!-- com.Test.Dashboard_KDS_Old_BO -->
    </test> <!-- Default test -->
  </suite> <!-- Default suite -->
</testng-results>
