<?xml version="1.0" encoding="UTF-8"?>
<testng-results ignored="13" total="16" passed="3" failed="0" skipped="0">
  <reporter-output>
  </reporter-output>
  <suite started-at="2023-08-22T16:19:28 IST" name="Default suite" finished-at="2023-08-22T16:22:47 IST" duration-ms="198546">
    <groups>
    </groups>
    <test started-at="2023-08-22T16:19:28 IST" name="Default test" finished-at="2023-08-22T16:22:47 IST" duration-ms="198546">
      <class name="com.Test.Enterprise_Reports">
        <test-method signature="Login()[pri:1, instance:com.Test.Enterprise_Reports@73e22a3d]" started-at="2023-08-22T16:19:28 IST" name="Login" finished-at="2023-08-22T16:20:46 IST" duration-ms="77904" status="PASS">
          <reporter-output>
          </reporter-output>
        </test-method> <!-- Login -->
        <test-method is-config="true" signature="TestFail(org.testng.ITestResult)[pri:0, instance:com.Test.Enterprise_Reports@73e22a3d]" started-at="2023-08-22T16:20:46 IST" name="TestFail" finished-at="2023-08-22T16:20:46 IST" duration-ms="5" status="PASS">
          <params>
            <param index="0">
              <value>
                <![CDATA[[TestResult name=Login status=SUCCESS method=Enterprise_Reports.Login()[pri:1, instance:com.Test.Enterprise_Reports@73e22a3d] output={null}]]]>
              </value>
            </param>
          </params>
          <reporter-output>
          </reporter-output>
        </test-method> <!-- TestFail -->
        <test-method signature="Calling()[pri:2, instance:com.Test.Enterprise_Reports@73e22a3d]" started-at="2023-08-22T16:20:46 IST" name="Calling" finished-at="2023-08-22T16:22:38 IST" duration-ms="111666" status="PASS">
          <reporter-output>
          </reporter-output>
        </test-method> <!-- Calling -->
        <test-method is-config="true" signature="TestFail(org.testng.ITestResult)[pri:0, instance:com.Test.Enterprise_Reports@73e22a3d]" started-at="2023-08-22T16:22:38 IST" name="TestFail" finished-at="2023-08-22T16:22:38 IST" duration-ms="1" status="PASS">
          <params>
            <param index="0">
              <value>
                <![CDATA[[TestResult name=Calling status=SUCCESS method=Enterprise_Reports.Calling()[pri:2, instance:com.Test.Enterprise_Reports@73e22a3d] output={null}]]]>
              </value>
            </param>
          </params>
          <reporter-output>
          </reporter-output>
        </test-method> <!-- TestFail -->
        <test-method signature="LogOut()[pri:50, instance:com.Test.Enterprise_Reports@73e22a3d]" started-at="2023-08-22T16:22:38 IST" name="LogOut" finished-at="2023-08-22T16:22:45 IST" duration-ms="6703" status="PASS">
          <reporter-output>
          </reporter-output>
        </test-method> <!-- LogOut -->
        <test-method is-config="true" signature="TestFail(org.testng.ITestResult)[pri:0, instance:com.Test.Enterprise_Reports@73e22a3d]" started-at="2023-08-22T16:22:45 IST" name="TestFail" finished-at="2023-08-22T16:22:45 IST" duration-ms="0" status="PASS">
          <params>
            <param index="0">
              <value>
                <![CDATA[[TestResult name=LogOut status=SUCCESS method=Enterprise_Reports.LogOut()[pri:50, instance:com.Test.Enterprise_Reports@73e22a3d] output={null}]]]>
              </value>
            </param>
          </params>
          <reporter-output>
          </reporter-output>
        </test-method> <!-- TestFail -->
        <test-method is-config="true" signature="flushTest()[pri:0, instance:com.Test.Enterprise_Reports@73e22a3d]" started-at="2023-08-22T16:22:45 IST" name="flushTest" finished-at="2023-08-22T16:22:47 IST" duration-ms="2227" status="PASS">
          <reporter-output>
          </reporter-output>
        </test-method> <!-- flushTest -->
      </class> <!-- com.Test.Enterprise_Reports -->
    </test> <!-- Default test -->
  </suite> <!-- Default suite -->
</testng-results>
