<?xml version="1.0" encoding="UTF-8"?>
<testng-results ignored="7" total="10" passed="3" failed="0" skipped="0">
  <reporter-output>
  </reporter-output>
  <suite started-at="2023-09-05T17:28:13 IST" name="Default suite" finished-at="2023-09-05T17:32:45 IST" duration-ms="272308">
    <groups>
    </groups>
    <test started-at="2023-09-05T17:28:13 IST" name="Default test" finished-at="2023-09-05T17:32:45 IST" duration-ms="272308">
      <class name="com.Test.Enterprise_Reports_Weekly_Summary_Report">
        <test-method signature="Login()[pri:1, instance:com.Test.Enterprise_Reports_Weekly_Summary_Report@53fdffa1]" started-at="2023-09-05T17:28:13 IST" name="Login" finished-at="2023-09-05T17:29:25 IST" duration-ms="71778" status="PASS">
          <reporter-output>
          </reporter-output>
        </test-method> <!-- Login -->
        <test-method is-config="true" signature="TestFail(org.testng.ITestResult)[pri:0, instance:com.Test.Enterprise_Reports_Weekly_Summary_Report@53fdffa1]" started-at="2023-09-05T17:29:25 IST" name="TestFail" finished-at="2023-09-05T17:29:25 IST" duration-ms="6" status="PASS">
          <params>
            <param index="0">
              <value>
                <![CDATA[[TestResult name=Login status=SUCCESS method=Enterprise_Reports_Weekly_Summary_Report.Login()[pri:1, instance:com.Test.Enterprise_Reports_Weekly_Summary_Report@53fdffa1] output={null}]]]>
              </value>
            </param>
          </params>
          <reporter-output>
          </reporter-output>
        </test-method> <!-- TestFail -->
        <test-method signature="Calling()[pri:2, instance:com.Test.Enterprise_Reports_Weekly_Summary_Report@53fdffa1]" started-at="2023-09-05T17:29:25 IST" name="Calling" finished-at="2023-09-05T17:32:35 IST" duration-ms="189952" status="PASS">
          <reporter-output>
          </reporter-output>
        </test-method> <!-- Calling -->
        <test-method is-config="true" signature="TestFail(org.testng.ITestResult)[pri:0, instance:com.Test.Enterprise_Reports_Weekly_Summary_Report@53fdffa1]" started-at="2023-09-05T17:32:35 IST" name="TestFail" finished-at="2023-09-05T17:32:35 IST" duration-ms="1" status="PASS">
          <params>
            <param index="0">
              <value>
                <![CDATA[[TestResult name=Calling status=SUCCESS method=Enterprise_Reports_Weekly_Summary_Report.Calling()[pri:2, instance:com.Test.Enterprise_Reports_Weekly_Summary_Report@53fdffa1] output={null}]]]>
              </value>
            </param>
          </params>
          <reporter-output>
          </reporter-output>
        </test-method> <!-- TestFail -->
        <test-method signature="LogOut()[pri:50, instance:com.Test.Enterprise_Reports_Weekly_Summary_Report@53fdffa1]" started-at="2023-09-05T17:32:35 IST" name="LogOut" finished-at="2023-09-05T17:32:42 IST" duration-ms="7566" status="PASS">
          <reporter-output>
          </reporter-output>
        </test-method> <!-- LogOut -->
        <test-method is-config="true" signature="TestFail(org.testng.ITestResult)[pri:0, instance:com.Test.Enterprise_Reports_Weekly_Summary_Report@53fdffa1]" started-at="2023-09-05T17:32:42 IST" name="TestFail" finished-at="2023-09-05T17:32:42 IST" duration-ms="1" status="PASS">
          <params>
            <param index="0">
              <value>
                <![CDATA[[TestResult name=LogOut status=SUCCESS method=Enterprise_Reports_Weekly_Summary_Report.LogOut()[pri:50, instance:com.Test.Enterprise_Reports_Weekly_Summary_Report@53fdffa1] output={null}]]]>
              </value>
            </param>
          </params>
          <reporter-output>
          </reporter-output>
        </test-method> <!-- TestFail -->
        <test-method is-config="true" signature="flushTest()[pri:0, instance:com.Test.Enterprise_Reports_Weekly_Summary_Report@53fdffa1]" started-at="2023-09-05T17:32:42 IST" name="flushTest" finished-at="2023-09-05T17:32:45 IST" duration-ms="2949" status="PASS">
          <reporter-output>
          </reporter-output>
        </test-method> <!-- flushTest -->
      </class> <!-- com.Test.Enterprise_Reports_Weekly_Summary_Report -->
    </test> <!-- Default test -->
  </suite> <!-- Default suite -->
</testng-results>
