<?xml version="1.0" encoding="UTF-8"?>
<testng-results ignored="7" total="10" passed="3" failed="0" skipped="0">
  <reporter-output>
  </reporter-output>
  <suite started-at="2023-07-14T12:13:59 IST" name="Default suite" finished-at="2023-07-14T12:15:38 IST" duration-ms="99174">
    <groups>
    </groups>
    <test started-at="2023-07-14T12:13:59 IST" name="Default test" finished-at="2023-07-14T12:15:38 IST" duration-ms="99174">
      <class name="com.Test.Product_Items_AddEditDelete_Departments">
        <test-method signature="Login()[pri:1, instance:com.Test.Product_Items_AddEditDelete_Departments@a82c5f1]" started-at="2023-07-14T12:13:59 IST" name="Login" finished-at="2023-07-14T12:15:05 IST" duration-ms="65589" status="PASS">
          <reporter-output>
          </reporter-output>
        </test-method> <!-- Login -->
        <test-method is-config="true" signature="TestFail(org.testng.ITestResult)[pri:0, instance:com.Test.Product_Items_AddEditDelete_Departments@a82c5f1]" started-at="2023-07-14T12:15:05 IST" name="TestFail" finished-at="2023-07-14T12:15:05 IST" duration-ms="3" status="PASS">
          <params>
            <param index="0">
              <value>
                <![CDATA[[TestResult name=Login status=SUCCESS method=Product_Items_AddEditDelete_Departments.Login()[pri:1, instance:com.Test.Product_Items_AddEditDelete_Departments@a82c5f1] output={null}]]]>
              </value>
            </param>
          </params>
          <reporter-output>
          </reporter-output>
        </test-method> <!-- TestFail -->
        <test-method signature="Calling()[pri:2, instance:com.Test.Product_Items_AddEditDelete_Departments@a82c5f1]" started-at="2023-07-14T12:15:05 IST" name="Calling" finished-at="2023-07-14T12:15:33 IST" duration-ms="27888" status="PASS">
          <reporter-output>
          </reporter-output>
        </test-method> <!-- Calling -->
        <test-method signature="LogOut()[pri:50, instance:com.Test.Product_Items_AddEditDelete_Departments@a82c5f1]" started-at="2023-07-14T12:15:33 IST" name="LogOut" finished-at="2023-07-14T12:15:36 IST" duration-ms="3440" status="PASS">
          <reporter-output>
          </reporter-output>
        </test-method> <!-- LogOut -->
        <test-method is-config="true" signature="TestFail(org.testng.ITestResult)[pri:0, instance:com.Test.Product_Items_AddEditDelete_Departments@a82c5f1]" started-at="2023-07-14T12:15:33 IST" name="TestFail" finished-at="2023-07-14T12:15:33 IST" duration-ms="0" status="PASS">
          <params>
            <param index="0">
              <value>
                <![CDATA[[TestResult name=Calling status=SUCCESS method=Product_Items_AddEditDelete_Departments.Calling()[pri:2, instance:com.Test.Product_Items_AddEditDelete_Departments@a82c5f1] output={null}]]]>
              </value>
            </param>
          </params>
          <reporter-output>
          </reporter-output>
        </test-method> <!-- TestFail -->
        <test-method is-config="true" signature="TestFail(org.testng.ITestResult)[pri:0, instance:com.Test.Product_Items_AddEditDelete_Departments@a82c5f1]" started-at="2023-07-14T12:15:36 IST" name="TestFail" finished-at="2023-07-14T12:15:36 IST" duration-ms="0" status="PASS">
          <params>
            <param index="0">
              <value>
                <![CDATA[[TestResult name=LogOut status=SUCCESS method=Product_Items_AddEditDelete_Departments.LogOut()[pri:50, instance:com.Test.Product_Items_AddEditDelete_Departments@a82c5f1] output={null}]]]>
              </value>
            </param>
          </params>
          <reporter-output>
          </reporter-output>
        </test-method> <!-- TestFail -->
        <test-method is-config="true" signature="flushTest()[pri:0, instance:com.Test.Product_Items_AddEditDelete_Departments@a82c5f1]" started-at="2023-07-14T12:15:36 IST" name="flushTest" finished-at="2023-07-14T12:15:38 IST" duration-ms="2219" status="PASS">
          <reporter-output>
          </reporter-output>
        </test-method> <!-- flushTest -->
      </class> <!-- com.Test.Product_Items_AddEditDelete_Departments -->
    </test> <!-- Default test -->
  </suite> <!-- Default suite -->
</testng-results>
