<?xml version="1.0" encoding="UTF-8"?>
<testng-results ignored="0" total="3" passed="3" failed="0" skipped="0">
  <reporter-output>
  </reporter-output>
  <suite started-at="2023-10-25T19:05:52 IST" name="Default suite" finished-at="2023-10-25T19:09:43 IST" duration-ms="231571">
    <groups>
    </groups>
    <test started-at="2023-10-25T19:05:52 IST" name="Default test" finished-at="2023-10-25T19:09:43 IST" duration-ms="231571">
      <class name="com.Test.Old_BO_Reports_Modifier_Sale_Report">
        <test-method signature="Login()[pri:1, instance:com.Test.Old_BO_Reports_Modifier_Sale_Report@8f2ef19]" started-at="2023-10-25T19:05:52 IST" name="Login" finished-at="2023-10-25T19:08:43 IST" duration-ms="171151" status="PASS">
          <reporter-output>
          </reporter-output>
        </test-method> <!-- Login -->
        <test-method is-config="true" signature="TestFail(org.testng.ITestResult)[pri:0, instance:com.Test.Old_BO_Reports_Modifier_Sale_Report@8f2ef19]" started-at="2023-10-25T19:08:43 IST" name="TestFail" finished-at="2023-10-25T19:08:43 IST" duration-ms="8" status="PASS">
          <params>
            <param index="0">
              <value>
                <![CDATA[[TestResult name=Login status=SUCCESS method=Old_BO_Reports_Modifier_Sale_Report.Login()[pri:1, instance:com.Test.Old_BO_Reports_Modifier_Sale_Report@8f2ef19] output={null}]]]>
              </value>
            </param>
          </params>
          <reporter-output>
          </reporter-output>
        </test-method> <!-- TestFail -->
        <test-method signature="Calling()[pri:2, instance:com.Test.Old_BO_Reports_Modifier_Sale_Report@8f2ef19]" started-at="2023-10-25T19:08:43 IST" name="Calling" finished-at="2023-10-25T19:09:34 IST" duration-ms="51079" status="PASS">
          <reporter-output>
          </reporter-output>
        </test-method> <!-- Calling -->
        <test-method is-config="true" signature="TestFail(org.testng.ITestResult)[pri:0, instance:com.Test.Old_BO_Reports_Modifier_Sale_Report@8f2ef19]" started-at="2023-10-25T19:09:34 IST" name="TestFail" finished-at="2023-10-25T19:09:34 IST" duration-ms="1" status="PASS">
          <params>
            <param index="0">
              <value>
                <![CDATA[[TestResult name=Calling status=SUCCESS method=Old_BO_Reports_Modifier_Sale_Report.Calling()[pri:2, instance:com.Test.Old_BO_Reports_Modifier_Sale_Report@8f2ef19] output={null}]]]>
              </value>
            </param>
          </params>
          <reporter-output>
          </reporter-output>
        </test-method> <!-- TestFail -->
        <test-method signature="LogOut()[pri:50, instance:com.Test.Old_BO_Reports_Modifier_Sale_Report@8f2ef19]" started-at="2023-10-25T19:09:34 IST" name="LogOut" finished-at="2023-10-25T19:09:41 IST" duration-ms="6667" status="PASS">
          <reporter-output>
          </reporter-output>
        </test-method> <!-- LogOut -->
        <test-method is-config="true" signature="TestFail(org.testng.ITestResult)[pri:0, instance:com.Test.Old_BO_Reports_Modifier_Sale_Report@8f2ef19]" started-at="2023-10-25T19:09:41 IST" name="TestFail" finished-at="2023-10-25T19:09:41 IST" duration-ms="1" status="PASS">
          <params>
            <param index="0">
              <value>
                <![CDATA[[TestResult name=LogOut status=SUCCESS method=Old_BO_Reports_Modifier_Sale_Report.LogOut()[pri:50, instance:com.Test.Old_BO_Reports_Modifier_Sale_Report@8f2ef19] output={null}]]]>
              </value>
            </param>
          </params>
          <reporter-output>
          </reporter-output>
        </test-method> <!-- TestFail -->
        <test-method is-config="true" signature="flushTest()[pri:0, instance:com.Test.Old_BO_Reports_Modifier_Sale_Report@8f2ef19]" started-at="2023-10-25T19:09:41 IST" name="flushTest" finished-at="2023-10-25T19:09:43 IST" duration-ms="2569" status="PASS">
          <reporter-output>
          </reporter-output>
        </test-method> <!-- flushTest -->
      </class> <!-- com.Test.Old_BO_Reports_Modifier_Sale_Report -->
    </test> <!-- Default test -->
  </suite> <!-- Default suite -->
</testng-results>
