<?xml version="1.0" encoding="UTF-8"?>
<testng-results ignored="13" total="16" passed="3" failed="0" skipped="0">
  <reporter-output>
  </reporter-output>
  <suite started-at="2023-07-20T13:03:06 IST" name="Default suite" finished-at="2023-07-20T13:07:02 IST" duration-ms="236517">
    <groups>
    </groups>
    <test started-at="2023-07-20T13:03:06 IST" name="Default test" finished-at="2023-07-20T13:07:02 IST" duration-ms="236517">
      <class name="com.Test.Reports_Sale_Recap_Report">
        <test-method signature="Login()[pri:1, instance:com.Test.Reports_Sale_Recap_Report@43599640]" started-at="2023-07-20T13:03:06 IST" name="Login" finished-at="2023-07-20T13:04:05 IST" duration-ms="59162" status="PASS">
          <reporter-output>
          </reporter-output>
        </test-method> <!-- Login -->
        <test-method is-config="true" signature="TestFail(org.testng.ITestResult)[pri:0, instance:com.Test.Reports_Sale_Recap_Report@43599640]" started-at="2023-07-20T13:04:05 IST" name="TestFail" finished-at="2023-07-20T13:04:05 IST" duration-ms="4" status="PASS">
          <params>
            <param index="0">
              <value>
                <![CDATA[[TestResult name=Login status=SUCCESS method=Reports_Sale_Recap_Report.Login()[pri:1, instance:com.Test.Reports_Sale_Recap_Report@43599640] output={null}]]]>
              </value>
            </param>
          </params>
          <reporter-output>
          </reporter-output>
        </test-method> <!-- TestFail -->
        <test-method signature="Calling()[pri:2, instance:com.Test.Reports_Sale_Recap_Report@43599640]" started-at="2023-07-20T13:04:05 IST" name="Calling" finished-at="2023-07-20T13:06:55 IST" duration-ms="170201" status="PASS">
          <reporter-output>
          </reporter-output>
        </test-method> <!-- Calling -->
        <test-method is-config="true" signature="TestFail(org.testng.ITestResult)[pri:0, instance:com.Test.Reports_Sale_Recap_Report@43599640]" started-at="2023-07-20T13:06:55 IST" name="TestFail" finished-at="2023-07-20T13:06:55 IST" duration-ms="1" status="PASS">
          <params>
            <param index="0">
              <value>
                <![CDATA[[TestResult name=Calling status=SUCCESS method=Reports_Sale_Recap_Report.Calling()[pri:2, instance:com.Test.Reports_Sale_Recap_Report@43599640] output={null}]]]>
              </value>
            </param>
          </params>
          <reporter-output>
          </reporter-output>
        </test-method> <!-- TestFail -->
        <test-method signature="LogOut()[pri:50, instance:com.Test.Reports_Sale_Recap_Report@43599640]" started-at="2023-07-20T13:06:55 IST" name="LogOut" finished-at="2023-07-20T13:07:00 IST" duration-ms="4902" status="PASS">
          <reporter-output>
          </reporter-output>
        </test-method> <!-- LogOut -->
        <test-method is-config="true" signature="TestFail(org.testng.ITestResult)[pri:0, instance:com.Test.Reports_Sale_Recap_Report@43599640]" started-at="2023-07-20T13:07:00 IST" name="TestFail" finished-at="2023-07-20T13:07:00 IST" duration-ms="0" status="PASS">
          <params>
            <param index="0">
              <value>
                <![CDATA[[TestResult name=LogOut status=SUCCESS method=Reports_Sale_Recap_Report.LogOut()[pri:50, instance:com.Test.Reports_Sale_Recap_Report@43599640] output={null}]]]>
              </value>
            </param>
          </params>
          <reporter-output>
          </reporter-output>
        </test-method> <!-- TestFail -->
        <test-method is-config="true" signature="flushTest()[pri:0, instance:com.Test.Reports_Sale_Recap_Report@43599640]" started-at="2023-07-20T13:07:00 IST" name="flushTest" finished-at="2023-07-20T13:07:02 IST" duration-ms="2206" status="PASS">
          <reporter-output>
          </reporter-output>
        </test-method> <!-- flushTest -->
      </class> <!-- com.Test.Reports_Sale_Recap_Report -->
    </test> <!-- Default test -->
  </suite> <!-- Default suite -->
</testng-results>
