<?xml version="1.0" encoding="UTF-8"?>
<testng-results ignored="27" total="30" passed="3" failed="0" skipped="0">
  <reporter-output>
  </reporter-output>
  <suite started-at="2023-09-12T17:06:54 IST" name="Default suite" finished-at="2023-09-12T17:30:34 IST" duration-ms="1419634">
    <groups>
    </groups>
    <test started-at="2023-09-12T17:06:54 IST" name="Default test" finished-at="2023-09-12T17:30:34 IST" duration-ms="1419634">
      <class name="com.Test.Enterprise_Reports_Employee_Role_Based_Payroll_Report">
        <test-method signature="Login()[pri:1, instance:com.Test.Enterprise_Reports_Employee_Role_Based_Payroll_Report@47987356]" started-at="2023-09-12T17:06:54 IST" name="Login" finished-at="2023-09-12T17:08:02 IST" duration-ms="67243" status="PASS">
          <reporter-output>
          </reporter-output>
        </test-method> <!-- Login -->
        <test-method is-config="true" signature="TestFail(org.testng.ITestResult)[pri:0, instance:com.Test.Enterprise_Reports_Employee_Role_Based_Payroll_Report@47987356]" started-at="2023-09-12T17:08:02 IST" name="TestFail" finished-at="2023-09-12T17:08:02 IST" duration-ms="5" status="PASS">
          <params>
            <param index="0">
              <value>
                <![CDATA[[TestResult name=Login status=SUCCESS method=Enterprise_Reports_Employee_Role_Based_Payroll_Report.Login()[pri:1, instance:com.Test.Enterprise_Reports_Employee_Role_Based_Payroll_Report@47987356] output={null}]]]>
              </value>
            </param>
          </params>
          <reporter-output>
          </reporter-output>
        </test-method> <!-- TestFail -->
        <test-method signature="Calling()[pri:100, instance:com.Test.Enterprise_Reports_Employee_Role_Based_Payroll_Report@47987356]" started-at="2023-09-12T17:08:02 IST" name="Calling" finished-at="2023-09-12T17:30:25 IST" duration-ms="1343181" status="PASS">
          <reporter-output>
          </reporter-output>
        </test-method> <!-- Calling -->
        <test-method is-config="true" signature="TestFail(org.testng.ITestResult)[pri:0, instance:com.Test.Enterprise_Reports_Employee_Role_Based_Payroll_Report@47987356]" started-at="2023-09-12T17:30:25 IST" name="TestFail" finished-at="2023-09-12T17:30:25 IST" duration-ms="1" status="PASS">
          <params>
            <param index="0">
              <value>
                <![CDATA[[TestResult name=Calling status=SUCCESS method=Enterprise_Reports_Employee_Role_Based_Payroll_Report.Calling()[pri:100, instance:com.Test.Enterprise_Reports_Employee_Role_Based_Payroll_Report@47987356] output={null}]]]>
              </value>
            </param>
          </params>
          <reporter-output>
          </reporter-output>
        </test-method> <!-- TestFail -->
        <test-method signature="Logout()[pri:500, instance:com.Test.Enterprise_Reports_Employee_Role_Based_Payroll_Report@47987356]" started-at="2023-09-12T17:30:25 IST" name="Logout" finished-at="2023-09-12T17:30:32 IST" duration-ms="6718" status="PASS">
          <reporter-output>
          </reporter-output>
        </test-method> <!-- Logout -->
        <test-method is-config="true" signature="TestFail(org.testng.ITestResult)[pri:0, instance:com.Test.Enterprise_Reports_Employee_Role_Based_Payroll_Report@47987356]" started-at="2023-09-12T17:30:32 IST" name="TestFail" finished-at="2023-09-12T17:30:32 IST" duration-ms="0" status="PASS">
          <params>
            <param index="0">
              <value>
                <![CDATA[[TestResult name=Logout status=SUCCESS method=Enterprise_Reports_Employee_Role_Based_Payroll_Report.Logout()[pri:500, instance:com.Test.Enterprise_Reports_Employee_Role_Based_Payroll_Report@47987356] output={null}]]]>
              </value>
            </param>
          </params>
          <reporter-output>
          </reporter-output>
        </test-method> <!-- TestFail -->
        <test-method is-config="true" signature="flushTest()[pri:0, instance:com.Test.Enterprise_Reports_Employee_Role_Based_Payroll_Report@47987356]" started-at="2023-09-12T17:30:32 IST" name="flushTest" finished-at="2023-09-12T17:30:34 IST" duration-ms="2441" status="PASS">
          <reporter-output>
          </reporter-output>
        </test-method> <!-- flushTest -->
      </class> <!-- com.Test.Enterprise_Reports_Employee_Role_Based_Payroll_Report -->
    </test> <!-- Default test -->
  </suite> <!-- Default suite -->
</testng-results>
