<?xml version="1.0" encoding="UTF-8"?>
<testng-results ignored="13" total="16" passed="3" failed="0" skipped="0">
  <reporter-output>
  </reporter-output>
  <suite started-at="2023-04-10T14:45:42 IST" name="Default suite" finished-at="2023-04-10T14:48:22 IST" duration-ms="160244">
    <groups>
    </groups>
    <test started-at="2023-04-10T14:45:42 IST" name="Default test" finished-at="2023-04-10T14:48:22 IST" duration-ms="160244">
      <class name="com.Test.Reports_Daily_Sale_Report">
        <test-method signature="Login()[pri:1, instance:com.Test.Reports_Daily_Sale_Report@6692b6c6]" started-at="2023-04-10T14:45:42 IST" name="Login" finished-at="2023-04-10T14:46:33 IST" duration-ms="51615" status="PASS">
          <reporter-output>
          </reporter-output>
        </test-method> <!-- Login -->
        <test-method is-config="true" signature="TestFail(org.testng.ITestResult)[pri:0, instance:com.Test.Reports_Daily_Sale_Report@6692b6c6]" started-at="2023-04-10T14:46:33 IST" name="TestFail" finished-at="2023-04-10T14:46:33 IST" duration-ms="5" status="PASS">
          <params>
            <param index="0">
              <value>
                <![CDATA[[TestResult name=Login status=SUCCESS method=Reports_Daily_Sale_Report.Login()[pri:1, instance:com.Test.Reports_Daily_Sale_Report@6692b6c6] output={null}]]]>
              </value>
            </param>
          </params>
          <reporter-output>
          </reporter-output>
        </test-method> <!-- TestFail -->
        <test-method signature="Calling()[pri:2, instance:com.Test.Reports_Daily_Sale_Report@6692b6c6]" started-at="2023-04-10T14:46:33 IST" name="Calling" finished-at="2023-04-10T14:48:20 IST" duration-ms="106172" status="PASS">
          <reporter-output>
          </reporter-output>
        </test-method> <!-- Calling -->
        <test-method is-config="true" signature="TestFail(org.testng.ITestResult)[pri:0, instance:com.Test.Reports_Daily_Sale_Report@6692b6c6]" started-at="2023-04-10T14:48:20 IST" name="TestFail" finished-at="2023-04-10T14:48:20 IST" duration-ms="0" status="PASS">
          <params>
            <param index="0">
              <value>
                <![CDATA[[TestResult name=Calling status=SUCCESS method=Reports_Daily_Sale_Report.Calling()[pri:2, instance:com.Test.Reports_Daily_Sale_Report@6692b6c6] output={null}]]]>
              </value>
            </param>
          </params>
          <reporter-output>
          </reporter-output>
        </test-method> <!-- TestFail -->
        <test-method signature="LogOut()[pri:50, instance:com.Test.Reports_Daily_Sale_Report@6692b6c6]" started-at="2023-04-10T14:48:20 IST" name="LogOut" finished-at="2023-04-10T14:48:20 IST" duration-ms="233" status="PASS">
          <reporter-output>
          </reporter-output>
        </test-method> <!-- LogOut -->
        <test-method is-config="true" signature="TestFail(org.testng.ITestResult)[pri:0, instance:com.Test.Reports_Daily_Sale_Report@6692b6c6]" started-at="2023-04-10T14:48:20 IST" name="TestFail" finished-at="2023-04-10T14:48:20 IST" duration-ms="1" status="PASS">
          <params>
            <param index="0">
              <value>
                <![CDATA[[TestResult name=LogOut status=SUCCESS method=Reports_Daily_Sale_Report.LogOut()[pri:50, instance:com.Test.Reports_Daily_Sale_Report@6692b6c6] output={null}]]]>
              </value>
            </param>
          </params>
          <reporter-output>
          </reporter-output>
        </test-method> <!-- TestFail -->
        <test-method is-config="true" signature="flushTest()[pri:0, instance:com.Test.Reports_Daily_Sale_Report@6692b6c6]" started-at="2023-04-10T14:48:20 IST" name="flushTest" finished-at="2023-04-10T14:48:22 IST" duration-ms="2179" status="PASS">
          <reporter-output>
          </reporter-output>
        </test-method> <!-- flushTest -->
      </class> <!-- com.Test.Reports_Daily_Sale_Report -->
    </test> <!-- Default test -->
  </suite> <!-- Default suite -->
</testng-results>
