<?xml version="1.0" encoding="UTF-8"?>
<testng-results ignored="0" total="1" passed="1" failed="0" skipped="0">
  <reporter-output>
  </reporter-output>
  <suite started-at="2023-09-19T11:59:05 IST" name="Default suite" finished-at="2023-09-19T12:30:12 IST" duration-ms="1866797">
    <groups>
    </groups>
    <test started-at="2023-09-19T11:59:05 IST" name="Default test" finished-at="2023-09-19T12:30:12 IST" duration-ms="1866797">
      <class name="com.Test.AllClassCalling_Reports">
        <test-method is-config="true" signature="Login()[pri:0, instance:com.Test.AllClassCalling_Reports@742ff096]" started-at="2023-09-19T11:59:05 IST" name="Login" finished-at="2023-09-19T11:59:57 IST" duration-ms="51729" status="PASS">
          <reporter-output>
          </reporter-output>
        </test-method> <!-- Login -->
        <test-method signature="Reports_Sale_Recap_Report()[pri:2, instance:com.Test.AllClassCalling_Reports@742ff096]" started-at="2023-09-19T11:59:57 IST" name="Reports_Sale_Recap_Report" finished-at="2023-09-19T12:30:02 IST" duration-ms="1804929" status="PASS">
          <reporter-output>
          </reporter-output>
        </test-method> <!-- Reports_Sale_Recap_Report -->
        <test-method is-config="true" signature="TestFail(org.testng.ITestResult)[pri:0, instance:com.Test.AllClassCalling_Reports@742ff096]" started-at="2023-09-19T12:30:02 IST" name="TestFail" finished-at="2023-09-19T12:30:02 IST" duration-ms="2" status="PASS">
          <params>
            <param index="0">
              <value>
                <![CDATA[[TestResult name=Reports_Sale_Recap_Report status=SUCCESS method=AllClassCalling_Reports.Reports_Sale_Recap_Report()[pri:2, instance:com.Test.AllClassCalling_Reports@742ff096] output={null}]]]>
              </value>
            </param>
          </params>
          <reporter-output>
          </reporter-output>
        </test-method> <!-- TestFail -->
        <test-method is-config="true" signature="flushTest()[pri:0, instance:com.Test.AllClassCalling_Reports@742ff096]" started-at="2023-09-19T12:30:02 IST" name="flushTest" finished-at="2023-09-19T12:30:04 IST" duration-ms="2276" status="PASS">
          <reporter-output>
          </reporter-output>
        </test-method> <!-- flushTest -->
        <test-method is-config="true" signature="LogOut()[pri:0, instance:com.Test.AllClassCalling_Reports@742ff096]" started-at="2023-09-19T12:30:04 IST" name="LogOut" finished-at="2023-09-19T12:30:12 IST" duration-ms="7806" status="PASS">
          <reporter-output>
          </reporter-output>
        </test-method> <!-- LogOut -->
      </class> <!-- com.Test.AllClassCalling_Reports -->
    </test> <!-- Default test -->
  </suite> <!-- Default suite -->
</testng-results>
