<?xml version="1.0" encoding="UTF-8"?>
<testng-results ignored="14" total="17" passed="3" failed="0" skipped="0">
  <reporter-output>
  </reporter-output>
  <suite started-at="2023-09-01T16:50:30 IST" name="Default suite" finished-at="2023-09-01T16:58:14 IST" duration-ms="463684">
    <groups>
    </groups>
    <test started-at="2023-09-01T16:50:30 IST" name="Default test" finished-at="2023-09-01T16:58:14 IST" duration-ms="463684">
      <class name="com.Test.Enterprise_Reports_Sale_Summary_Report">
        <test-method signature="Login()[pri:1, instance:com.Test.Enterprise_Reports_Sale_Summary_Report@47faa49c]" started-at="2023-09-01T16:50:30 IST" name="Login" finished-at="2023-09-01T16:51:20 IST" duration-ms="49469" status="PASS">
          <reporter-output>
          </reporter-output>
        </test-method> <!-- Login -->
        <test-method is-config="true" signature="TestFail(org.testng.ITestResult)[pri:0, instance:com.Test.Enterprise_Reports_Sale_Summary_Report@47faa49c]" started-at="2023-09-01T16:51:20 IST" name="TestFail" finished-at="2023-09-01T16:51:20 IST" duration-ms="4" status="PASS">
          <params>
            <param index="0">
              <value>
                <![CDATA[[TestResult name=Login status=SUCCESS method=Enterprise_Reports_Sale_Summary_Report.Login()[pri:1, instance:com.Test.Enterprise_Reports_Sale_Summary_Report@47faa49c] output={null}]]]>
              </value>
            </param>
          </params>
          <reporter-output>
          </reporter-output>
        </test-method> <!-- TestFail -->
        <test-method signature="Calling()[pri:2, instance:com.Test.Enterprise_Reports_Sale_Summary_Report@47faa49c]" started-at="2023-09-01T16:51:20 IST" name="Calling" finished-at="2023-09-01T16:58:05 IST" duration-ms="405015" status="PASS">
          <reporter-output>
          </reporter-output>
        </test-method> <!-- Calling -->
        <test-method is-config="true" signature="TestFail(org.testng.ITestResult)[pri:0, instance:com.Test.Enterprise_Reports_Sale_Summary_Report@47faa49c]" started-at="2023-09-01T16:58:05 IST" name="TestFail" finished-at="2023-09-01T16:58:05 IST" duration-ms="0" status="PASS">
          <params>
            <param index="0">
              <value>
                <![CDATA[[TestResult name=Calling status=SUCCESS method=Enterprise_Reports_Sale_Summary_Report.Calling()[pri:2, instance:com.Test.Enterprise_Reports_Sale_Summary_Report@47faa49c] output={null}]]]>
              </value>
            </param>
          </params>
          <reporter-output>
          </reporter-output>
        </test-method> <!-- TestFail -->
        <test-method signature="LogOut()[pri:50, instance:com.Test.Enterprise_Reports_Sale_Summary_Report@47faa49c]" started-at="2023-09-01T16:58:05 IST" name="LogOut" finished-at="2023-09-01T16:58:11 IST" duration-ms="6741" status="PASS">
          <reporter-output>
          </reporter-output>
        </test-method> <!-- LogOut -->
        <test-method is-config="true" signature="TestFail(org.testng.ITestResult)[pri:0, instance:com.Test.Enterprise_Reports_Sale_Summary_Report@47faa49c]" started-at="2023-09-01T16:58:11 IST" name="TestFail" finished-at="2023-09-01T16:58:11 IST" duration-ms="1" status="PASS">
          <params>
            <param index="0">
              <value>
                <![CDATA[[TestResult name=LogOut status=SUCCESS method=Enterprise_Reports_Sale_Summary_Report.LogOut()[pri:50, instance:com.Test.Enterprise_Reports_Sale_Summary_Report@47faa49c] output={null}]]]>
              </value>
            </param>
          </params>
          <reporter-output>
          </reporter-output>
        </test-method> <!-- TestFail -->
        <test-method is-config="true" signature="flushTest()[pri:0, instance:com.Test.Enterprise_Reports_Sale_Summary_Report@47faa49c]" started-at="2023-09-01T16:58:11 IST" name="flushTest" finished-at="2023-09-01T16:58:14 IST" duration-ms="2417" status="PASS">
          <reporter-output>
          </reporter-output>
        </test-method> <!-- flushTest -->
      </class> <!-- com.Test.Enterprise_Reports_Sale_Summary_Report -->
    </test> <!-- Default test -->
  </suite> <!-- Default suite -->
</testng-results>
