<?xml version="1.0" encoding="UTF-8"?>
<testng-results ignored="7" total="10" passed="2" failed="1" skipped="0">
  <reporter-output>
  </reporter-output>
  <suite started-at="2023-07-27T18:44:04 IST" name="Default suite" finished-at="2023-07-27T18:45:39 IST" duration-ms="94226">
    <groups>
    </groups>
    <test started-at="2023-07-27T18:44:04 IST" name="Default test" finished-at="2023-07-27T18:45:39 IST" duration-ms="94226">
      <class name="com.Test.Reports_Weekly_Summary_Sale_Report">
        <test-method signature="Login()[pri:1, instance:com.Test.Reports_Weekly_Summary_Sale_Report@766653e6]" started-at="2023-07-27T18:44:05 IST" name="Login" finished-at="2023-07-27T18:44:56 IST" duration-ms="51351" status="PASS">
          <reporter-output>
          </reporter-output>
        </test-method> <!-- Login -->
        <test-method is-config="true" signature="TestFail(org.testng.ITestResult)[pri:0, instance:com.Test.Reports_Weekly_Summary_Sale_Report@766653e6]" started-at="2023-07-27T18:44:56 IST" name="TestFail" finished-at="2023-07-27T18:44:56 IST" duration-ms="5" status="PASS">
          <params>
            <param index="0">
              <value>
                <![CDATA[[TestResult name=Login status=SUCCESS method=Reports_Weekly_Summary_Sale_Report.Login()[pri:1, instance:com.Test.Reports_Weekly_Summary_Sale_Report@766653e6] output={null}]]]>
              </value>
            </param>
          </params>
          <reporter-output>
          </reporter-output>
        </test-method> <!-- TestFail -->
        <test-method signature="Calling()[pri:2, instance:com.Test.Reports_Weekly_Summary_Sale_Report@766653e6]" started-at="2023-07-27T18:44:56 IST" name="Calling" finished-at="2023-07-27T18:45:29 IST" duration-ms="33457" status="FAIL">
          <exception class="java.lang.NumberFormatException">
            <message>
              <![CDATA[For input string: "NA"]]>
            </message>
            <full-stacktrace>
              <![CDATA[java.lang.NumberFormatException: For input string: "NA"
at java.base/jdk.internal.math.FloatingDecimal.readJavaFormatString(FloatingDecimal.java:2054)
at java.base/jdk.internal.math.FloatingDecimal.parseDouble(FloatingDecimal.java:110)
at java.base/java.lang.Double.parseDouble(Double.java:651)
at com.Test.Reports_Weekly_Summary_Sale_Report.WeeklySummary_Report_This_Week(Reports_Weekly_Summary_Sale_Report.java:223)
at com.Test.Reports_Weekly_Summary_Sale_Report.Calling(Reports_Weekly_Summary_Sale_Report.java:113)
at java.base/jdk.internal.reflect.NativeMethodAccessorImpl.invoke0(Native Method)
at java.base/jdk.internal.reflect.NativeMethodAccessorImpl.invoke(NativeMethodAccessorImpl.java:77)
at java.base/jdk.internal.reflect.DelegatingMethodAccessorImpl.invoke(DelegatingMethodAccessorImpl.java:43)
at java.base/java.lang.reflect.Method.invoke(Method.java:568)
at org.testng.internal.MethodInvocationHelper.invokeMethod(MethodInvocationHelper.java:133)
at org.testng.internal.TestInvoker.invokeMethod(TestInvoker.java:598)
at org.testng.internal.TestInvoker.invokeTestMethod(TestInvoker.java:173)
at org.testng.internal.MethodRunner.runInSequence(MethodRunner.java:46)
at org.testng.internal.TestInvoker$MethodInvocationAgent.invoke(TestInvoker.java:824)
at org.testng.internal.TestInvoker.invokeTestMethods(TestInvoker.java:146)
at org.testng.internal.TestMethodWorker.invokeTestMethods(TestMethodWorker.java:146)
at org.testng.internal.TestMethodWorker.run(TestMethodWorker.java:128)
at java.base/java.util.ArrayList.forEach(ArrayList.java:1511)
at org.testng.TestRunner.privateRun(TestRunner.java:794)
at org.testng.TestRunner.run(TestRunner.java:596)
at org.testng.SuiteRunner.runTest(SuiteRunner.java:377)
at org.testng.SuiteRunner.runSequentially(SuiteRunner.java:371)
at org.testng.SuiteRunner.privateRun(SuiteRunner.java:332)
at org.testng.SuiteRunner.run(SuiteRunner.java:276)
at org.testng.SuiteRunnerWorker.runSuite(SuiteRunnerWorker.java:53)
at org.testng.SuiteRunnerWorker.run(SuiteRunnerWorker.java:96)
at org.testng.TestNG.runSuitesSequentially(TestNG.java:1212)
at org.testng.TestNG.runSuitesLocally(TestNG.java:1134)
at org.testng.TestNG.runSuites(TestNG.java:1063)
at org.testng.TestNG.run(TestNG.java:1031)
at org.testng.remote.AbstractRemoteTestNG.run(AbstractRemoteTestNG.java:115)
at org.testng.remote.RemoteTestNG.initAndRun(RemoteTestNG.java:251)
at org.testng.remote.RemoteTestNG.main(RemoteTestNG.java:77)
]]>
            </full-stacktrace>
          </exception> <!-- java.lang.NumberFormatException -->
          <reporter-output>
          </reporter-output>
        </test-method> <!-- Calling -->
        <test-method is-config="true" signature="TestFail(org.testng.ITestResult)[pri:0, instance:com.Test.Reports_Weekly_Summary_Sale_Report@766653e6]" started-at="2023-07-27T18:45:29 IST" name="TestFail" finished-at="2023-07-27T18:45:29 IST" duration-ms="143" status="PASS">
          <params>
            <param index="0">
              <value>
                <![CDATA[[TestResult name=Calling status=FAILURE method=Reports_Weekly_Summary_Sale_Report.Calling()[pri:2, instance:com.Test.Reports_Weekly_Summary_Sale_Report@766653e6] output={null}]]]>
              </value>
            </param>
          </params>
          <reporter-output>
          </reporter-output>
        </test-method> <!-- TestFail -->
        <test-method signature="LogOut()[pri:50, instance:com.Test.Reports_Weekly_Summary_Sale_Report@766653e6]" started-at="2023-07-27T18:45:29 IST" name="LogOut" finished-at="2023-07-27T18:45:37 IST" duration-ms="7024" status="PASS">
          <reporter-output>
          </reporter-output>
        </test-method> <!-- LogOut -->
        <test-method is-config="true" signature="flushTest()[pri:0, instance:com.Test.Reports_Weekly_Summary_Sale_Report@766653e6]" started-at="2023-07-27T18:45:37 IST" name="flushTest" finished-at="2023-07-27T18:45:39 IST" duration-ms="2203" status="PASS">
          <reporter-output>
          </reporter-output>
        </test-method> <!-- flushTest -->
        <test-method is-config="true" signature="TestFail(org.testng.ITestResult)[pri:0, instance:com.Test.Reports_Weekly_Summary_Sale_Report@766653e6]" started-at="2023-07-27T18:45:37 IST" name="TestFail" finished-at="2023-07-27T18:45:37 IST" duration-ms="0" status="PASS">
          <params>
            <param index="0">
              <value>
                <![CDATA[[TestResult name=LogOut status=SUCCESS method=Reports_Weekly_Summary_Sale_Report.LogOut()[pri:50, instance:com.Test.Reports_Weekly_Summary_Sale_Report@766653e6] output={null}]]]>
              </value>
            </param>
          </params>
          <reporter-output>
          </reporter-output>
        </test-method> <!-- TestFail -->
      </class> <!-- com.Test.Reports_Weekly_Summary_Sale_Report -->
    </test> <!-- Default test -->
  </suite> <!-- Default suite -->
</testng-results>
