<?xml version="1.0" encoding="UTF-8"?>
<testng-results ignored="14" total="17" passed="3" failed="0" skipped="0">
  <reporter-output>
  </reporter-output>
  <suite started-at="2023-09-04T16:44:31 IST" name="Default suite" finished-at="2023-09-04T16:51:09 IST" duration-ms="397667">
    <groups>
    </groups>
    <test started-at="2023-09-04T16:44:31 IST" name="Default test" finished-at="2023-09-04T16:51:09 IST" duration-ms="397667">
      <class name="com.Test.Enterprise_Reports_HA_Statement">
        <test-method signature="Login()[pri:1, instance:com.Test.Enterprise_Reports_HA_Statement@47faa49c]" started-at="2023-09-04T16:44:31 IST" name="Login" finished-at="2023-09-04T16:45:21 IST" duration-ms="49627" status="PASS">
          <reporter-output>
          </reporter-output>
        </test-method> <!-- Login -->
        <test-method is-config="true" signature="TestFail(org.testng.ITestResult)[pri:0, instance:com.Test.Enterprise_Reports_HA_Statement@47faa49c]" started-at="2023-09-04T16:45:21 IST" name="TestFail" finished-at="2023-09-04T16:45:21 IST" duration-ms="5" status="PASS">
          <params>
            <param index="0">
              <value>
                <![CDATA[[TestResult name=Login status=SUCCESS method=Enterprise_Reports_HA_Statement.Login()[pri:1, instance:com.Test.Enterprise_Reports_HA_Statement@47faa49c] output={null}]]]>
              </value>
            </param>
          </params>
          <reporter-output>
          </reporter-output>
        </test-method> <!-- TestFail -->
        <test-method signature="Calling()[pri:2, instance:com.Test.Enterprise_Reports_HA_Statement@47faa49c]" started-at="2023-09-04T16:45:21 IST" name="Calling" finished-at="2023-09-04T16:51:00 IST" duration-ms="339044" status="PASS">
          <reporter-output>
          </reporter-output>
        </test-method> <!-- Calling -->
        <test-method is-config="true" signature="TestFail(org.testng.ITestResult)[pri:0, instance:com.Test.Enterprise_Reports_HA_Statement@47faa49c]" started-at="2023-09-04T16:51:00 IST" name="TestFail" finished-at="2023-09-04T16:51:00 IST" duration-ms="0" status="PASS">
          <params>
            <param index="0">
              <value>
                <![CDATA[[TestResult name=Calling status=SUCCESS method=Enterprise_Reports_HA_Statement.Calling()[pri:2, instance:com.Test.Enterprise_Reports_HA_Statement@47faa49c] output={null}]]]>
              </value>
            </param>
          </params>
          <reporter-output>
          </reporter-output>
        </test-method> <!-- TestFail -->
        <test-method signature="LogOut()[pri:50, instance:com.Test.Enterprise_Reports_HA_Statement@47faa49c]" started-at="2023-09-04T16:51:00 IST" name="LogOut" finished-at="2023-09-04T16:51:07 IST" duration-ms="6705" status="PASS">
          <reporter-output>
          </reporter-output>
        </test-method> <!-- LogOut -->
        <test-method is-config="true" signature="flushTest()[pri:0, instance:com.Test.Enterprise_Reports_HA_Statement@47faa49c]" started-at="2023-09-04T16:51:07 IST" name="flushTest" finished-at="2023-09-04T16:51:09 IST" duration-ms="2233" status="PASS">
          <reporter-output>
          </reporter-output>
        </test-method> <!-- flushTest -->
        <test-method is-config="true" signature="TestFail(org.testng.ITestResult)[pri:0, instance:com.Test.Enterprise_Reports_HA_Statement@47faa49c]" started-at="2023-09-04T16:51:07 IST" name="TestFail" finished-at="2023-09-04T16:51:07 IST" duration-ms="0" status="PASS">
          <params>
            <param index="0">
              <value>
                <![CDATA[[TestResult name=LogOut status=SUCCESS method=Enterprise_Reports_HA_Statement.LogOut()[pri:50, instance:com.Test.Enterprise_Reports_HA_Statement@47faa49c] output={null}]]]>
              </value>
            </param>
          </params>
          <reporter-output>
          </reporter-output>
        </test-method> <!-- TestFail -->
      </class> <!-- com.Test.Enterprise_Reports_HA_Statement -->
    </test> <!-- Default test -->
  </suite> <!-- Default suite -->
</testng-results>
